<?xml version="1.0" encoding="UTF-8"?>
<testng-results ignored="18" total="98" passed="80" failed="0" skipped="0">
  <reporter-output>
    <line>
      <![CDATA[Extent Report Directory C:\Users\rowna\IdeaProjects\NewFolderForCRIP0619\web-automation-framework-crip\target\surefire-reports\CRIP Automation Script\html]]>
    </line>
  </reporter-output>
  <suite started-at="2022-06-24T05:06:11Z" name="CRIP Automation Script" finished-at="2022-06-24T05:10:22Z" duration-ms="251125">
    <groups>
    </groups>
    <test started-at="2022-06-24T05:06:11Z" name="com.UITAP Tests" finished-at="2022-06-24T05:10:22Z" duration-ms="251125">
      <class name="uitaptests.PopUps">
        <test-method is-config="true" signature="setUp(boolean, java.lang.String, java.lang.String, java.lang.String, java.lang.String, java.lang.String, java.lang.String)[pri:0, instance:uitaptests.PopUps@389b0789]" started-at="2022-06-24T05:10:08Z" name="setUp" finished-at="2022-06-24T05:10:09Z" duration-ms="1369" status="PASS">
          <params>
            <param index="0">
              <value>
                <![CDATA[false]]>
              </value>
            </param>
            <param index="1">
              <value>
                <![CDATA[browserstack]]>
              </value>
            </param>
            <param index="2">
              <value>
                <![CDATA[windows]]>
              </value>
            </param>
            <param index="3">
              <value>
                <![CDATA[11]]>
              </value>
            </param>
            <param index="4">
              <value>
                <![CDATA[chrome]]>
              </value>
            </param>
            <param index="5">
              <value>
                <![CDATA[102]]>
              </value>
            </param>
            <param index="6">
              <value>
                <![CDATA[http://uitestingplayground.com/]]>
              </value>
            </param>
          </params>
          <reporter-output>
          </reporter-output>
        </test-method> <!-- setUp -->
        <test-method is-config="true" signature="startExtent(java.lang.reflect.Method)[pri:0, instance:uitaptests.PopUps@389b0789]" started-at="2022-06-24T05:10:09Z" name="startExtent" finished-at="2022-06-24T05:10:09Z" duration-ms="1" status="PASS">
          <params>
            <param index="0">
              <value>
                <![CDATA[public void uitaptests.PopUps.primaryPopUp()]]>
              </value>
            </param>
          </params>
          <reporter-output>
          </reporter-output>
        </test-method> <!-- startExtent -->
        <test-method signature="primaryPopUp()[pri:0, instance:uitaptests.PopUps@389b0789]" started-at="2022-06-24T05:10:09Z" name="primaryPopUp" finished-at="2022-06-24T05:10:10Z" duration-ms="257" status="PASS">
          <reporter-output>
          </reporter-output>
        </test-method> <!-- primaryPopUp -->
        <test-method is-config="true" signature="afterEachTestMethod(org.testng.ITestResult)[pri:0, instance:uitaptests.PopUps@389b0789]" started-at="2022-06-24T05:10:10Z" name="afterEachTestMethod" finished-at="2022-06-24T05:10:10Z" duration-ms="677" status="PASS">
          <params>
            <param index="0">
              <value>
                <![CDATA[[TestResult name=primaryPopUp status=SUCCESS method=PopUps.primaryPopUp()[pri:0, instance:uitaptests.PopUps@389b0789] output={null}]]]>
              </value>
            </param>
          </params>
          <reporter-output>
          </reporter-output>
        </test-method> <!-- afterEachTestMethod -->
        <test-method is-config="true" signature="endLOG()[pri:0, instance:uitaptests.PopUps@389b0789]" started-at="2022-06-24T05:10:10Z" name="endLOG" finished-at="2022-06-24T05:10:10Z" duration-ms="0" status="PASS">
          <reporter-output>
          </reporter-output>
        </test-method> <!-- endLOG -->
        <test-method is-config="true" signature="tearDown()[pri:0, instance:uitaptests.PopUps@389b0789]" started-at="2022-06-24T05:10:10Z" name="tearDown" finished-at="2022-06-24T05:10:10Z" duration-ms="0" status="PASS">
          <reporter-output>
          </reporter-output>
        </test-method> <!-- tearDown -->
      </class> <!-- uitaptests.PopUps -->
      <class name="uitaptests.ExistingElement">
        <test-method is-config="true" signature="extentSetup(org.testng.ITestContext)[pri:0, instance:uitaptests.ExistingElement@1787f2a0]" started-at="2022-06-24T05:06:10Z" name="extentSetup" finished-at="2022-06-24T05:06:11Z" duration-ms="140" status="PASS">
          <params>
            <param index="0">
              <value>
                <![CDATA[org.testng.TestRunner@32200389]]>
              </value>
            </param>
          </params>
          <reporter-output>
            <line>
              <![CDATA[Extent Report Directory C:\Users\rowna\IdeaProjects\NewFolderForCRIP0619\web-automation-framework-crip\target\surefire-reports\CRIP Automation Script\html]]>
            </line>
          </reporter-output>
        </test-method> <!-- extentSetup -->
        <test-method is-config="true" signature="setUp(boolean, java.lang.String, java.lang.String, java.lang.String, java.lang.String, java.lang.String, java.lang.String)[pri:0, instance:uitaptests.ExistingElement@1787f2a0]" started-at="2022-06-24T05:06:11Z" name="setUp" finished-at="2022-06-24T05:06:14Z" duration-ms="3156" status="PASS">
          <params>
            <param index="0">
              <value>
                <![CDATA[false]]>
              </value>
            </param>
            <param index="1">
              <value>
                <![CDATA[browserstack]]>
              </value>
            </param>
            <param index="2">
              <value>
                <![CDATA[windows]]>
              </value>
            </param>
            <param index="3">
              <value>
                <![CDATA[11]]>
              </value>
            </param>
            <param index="4">
              <value>
                <![CDATA[chrome]]>
              </value>
            </param>
            <param index="5">
              <value>
                <![CDATA[102]]>
              </value>
            </param>
            <param index="6">
              <value>
                <![CDATA[http://uitestingplayground.com/]]>
              </value>
            </param>
          </params>
          <reporter-output>
          </reporter-output>
        </test-method> <!-- setUp -->
        <test-method is-config="true" signature="startExtent(java.lang.reflect.Method)[pri:0, instance:uitaptests.ExistingElement@1787f2a0]" started-at="2022-06-24T05:06:14Z" name="startExtent" finished-at="2022-06-24T05:06:14Z" duration-ms="8" status="PASS">
          <params>
            <param index="0">
              <value>
                <![CDATA[public void uitaptests.ExistingElement.AJAXButtonText()]]>
              </value>
            </param>
          </params>
          <reporter-output>
          </reporter-output>
        </test-method> <!-- startExtent -->
        <test-method signature="AJAXButtonText()[pri:0, instance:uitaptests.ExistingElement@1787f2a0]" started-at="2022-06-24T05:06:14Z" name="AJAXButtonText" finished-at="2022-06-24T05:06:34Z" duration-ms="20330" status="PASS">
          <reporter-output>
          </reporter-output>
        </test-method> <!-- AJAXButtonText -->
        <test-method is-config="true" signature="afterEachTestMethod(org.testng.ITestResult)[pri:0, instance:uitaptests.ExistingElement@1787f2a0]" started-at="2022-06-24T05:06:34Z" name="afterEachTestMethod" finished-at="2022-06-24T05:06:35Z" duration-ms="884" status="PASS">
          <params>
            <param index="0">
              <value>
                <![CDATA[[TestResult name=AJAXButtonText status=SUCCESS method=ExistingElement.AJAXButtonText()[pri:0, instance:uitaptests.ExistingElement@1787f2a0] output={null}]]]>
              </value>
            </param>
          </params>
          <reporter-output>
          </reporter-output>
        </test-method> <!-- afterEachTestMethod -->
        <test-method is-config="true" signature="setUp(boolean, java.lang.String, java.lang.String, java.lang.String, java.lang.String, java.lang.String, java.lang.String)[pri:0, instance:uitaptests.ExistingElement@1787f2a0]" started-at="2022-06-24T05:06:35Z" name="setUp" finished-at="2022-06-24T05:06:37Z" duration-ms="1705" status="PASS">
          <params>
            <param index="0">
              <value>
                <![CDATA[false]]>
              </value>
            </param>
            <param index="1">
              <value>
                <![CDATA[browserstack]]>
              </value>
            </param>
            <param index="2">
              <value>
                <![CDATA[windows]]>
              </value>
            </param>
            <param index="3">
              <value>
                <![CDATA[11]]>
              </value>
            </param>
            <param index="4">
              <value>
                <![CDATA[chrome]]>
              </value>
            </param>
            <param index="5">
              <value>
                <![CDATA[102]]>
              </value>
            </param>
            <param index="6">
              <value>
                <![CDATA[http://uitestingplayground.com/]]>
              </value>
            </param>
          </params>
          <reporter-output>
          </reporter-output>
        </test-method> <!-- setUp -->
        <test-method is-config="true" signature="tearDown()[pri:0, instance:uitaptests.ExistingElement@1787f2a0]" started-at="2022-06-24T05:06:35Z" name="tearDown" finished-at="2022-06-24T05:06:35Z" duration-ms="0" status="PASS">
          <reporter-output>
          </reporter-output>
        </test-method> <!-- tearDown -->
        <test-method is-config="true" signature="endLOG()[pri:0, instance:uitaptests.ExistingElement@1787f2a0]" started-at="2022-06-24T05:06:35Z" name="endLOG" finished-at="2022-06-24T05:06:35Z" duration-ms="0" status="PASS">
          <reporter-output>
          </reporter-output>
        </test-method> <!-- endLOG -->
        <test-method is-config="true" signature="startExtent(java.lang.reflect.Method)[pri:0, instance:uitaptests.ExistingElement@1787f2a0]" started-at="2022-06-24T05:06:37Z" name="startExtent" finished-at="2022-06-24T05:06:37Z" duration-ms="1" status="PASS">
          <params>
            <param index="0">
              <value>
                <![CDATA[public void uitaptests.ExistingElement.verifyLoadDelHeader()]]>
              </value>
            </param>
          </params>
          <reporter-output>
          </reporter-output>
        </test-method> <!-- startExtent -->
        <test-method signature="verifyLoadDelHeader()[pri:0, instance:uitaptests.ExistingElement@1787f2a0]" started-at="2022-06-24T05:06:37Z" name="verifyLoadDelHeader" finished-at="2022-06-24T05:06:42Z" duration-ms="5247" status="PASS">
          <reporter-output>
          </reporter-output>
        </test-method> <!-- verifyLoadDelHeader -->
        <test-method is-config="true" signature="afterEachTestMethod(org.testng.ITestResult)[pri:0, instance:uitaptests.ExistingElement@1787f2a0]" started-at="2022-06-24T05:06:42Z" name="afterEachTestMethod" finished-at="2022-06-24T05:06:43Z" duration-ms="662" status="PASS">
          <params>
            <param index="0">
              <value>
                <![CDATA[[TestResult name=verifyLoadDelHeader status=SUCCESS method=ExistingElement.verifyLoadDelHeader()[pri:0, instance:uitaptests.ExistingElement@1787f2a0] output={null}]]]>
              </value>
            </param>
          </params>
          <reporter-output>
          </reporter-output>
        </test-method> <!-- afterEachTestMethod -->
        <test-method is-config="true" signature="endLOG()[pri:0, instance:uitaptests.ExistingElement@1787f2a0]" started-at="2022-06-24T05:06:43Z" name="endLOG" finished-at="2022-06-24T05:06:43Z" duration-ms="0" status="PASS">
          <reporter-output>
          </reporter-output>
        </test-method> <!-- endLOG -->
        <test-method is-config="true" signature="tearDown()[pri:0, instance:uitaptests.ExistingElement@1787f2a0]" started-at="2022-06-24T05:06:43Z" name="tearDown" finished-at="2022-06-24T05:06:43Z" duration-ms="0" status="PASS">
          <reporter-output>
          </reporter-output>
        </test-method> <!-- tearDown -->
        <test-method is-config="true" signature="setUp(boolean, java.lang.String, java.lang.String, java.lang.String, java.lang.String, java.lang.String, java.lang.String)[pri:0, instance:uitaptests.ExistingElement@1787f2a0]" started-at="2022-06-24T05:06:43Z" name="setUp" finished-at="2022-06-24T05:06:44Z" duration-ms="1390" status="PASS">
          <params>
            <param index="0">
              <value>
                <![CDATA[false]]>
              </value>
            </param>
            <param index="1">
              <value>
                <![CDATA[browserstack]]>
              </value>
            </param>
            <param index="2">
              <value>
                <![CDATA[windows]]>
              </value>
            </param>
            <param index="3">
              <value>
                <![CDATA[11]]>
              </value>
            </param>
            <param index="4">
              <value>
                <![CDATA[chrome]]>
              </value>
            </param>
            <param index="5">
              <value>
                <![CDATA[102]]>
              </value>
            </param>
            <param index="6">
              <value>
                <![CDATA[http://uitestingplayground.com/]]>
              </value>
            </param>
          </params>
          <reporter-output>
          </reporter-output>
        </test-method> <!-- setUp -->
        <test-method is-config="true" signature="startExtent(java.lang.reflect.Method)[pri:0, instance:uitaptests.ExistingElement@1787f2a0]" started-at="2022-06-24T05:06:44Z" name="startExtent" finished-at="2022-06-24T05:06:44Z" duration-ms="1" status="PASS">
          <params>
            <param index="0">
              <value>
                <![CDATA[public void uitaptests.ExistingElement.verifyRubiksImage()]]>
              </value>
            </param>
          </params>
          <reporter-output>
          </reporter-output>
        </test-method> <!-- startExtent -->
        <test-method signature="verifyRubiksImage()[pri:0, instance:uitaptests.ExistingElement@1787f2a0]" started-at="2022-06-24T05:06:44Z" name="verifyRubiksImage" finished-at="2022-06-24T05:06:44Z" duration-ms="28" status="PASS">
          <reporter-output>
          </reporter-output>
        </test-method> <!-- verifyRubiksImage -->
        <test-method is-config="true" signature="afterEachTestMethod(org.testng.ITestResult)[pri:0, instance:uitaptests.ExistingElement@1787f2a0]" started-at="2022-06-24T05:06:44Z" name="afterEachTestMethod" finished-at="2022-06-24T05:06:45Z" duration-ms="671" status="PASS">
          <params>
            <param index="0">
              <value>
                <![CDATA[[TestResult name=verifyRubiksImage status=SUCCESS method=ExistingElement.verifyRubiksImage()[pri:0, instance:uitaptests.ExistingElement@1787f2a0] output={null}]]]>
              </value>
            </param>
          </params>
          <reporter-output>
          </reporter-output>
        </test-method> <!-- afterEachTestMethod -->
        <test-method is-config="true" signature="tearDown()[pri:0, instance:uitaptests.ExistingElement@1787f2a0]" started-at="2022-06-24T05:06:45Z" name="tearDown" finished-at="2022-06-24T05:06:45Z" duration-ms="0" status="PASS">
          <reporter-output>
          </reporter-output>
        </test-method> <!-- tearDown -->
        <test-method is-config="true" signature="endLOG()[pri:0, instance:uitaptests.ExistingElement@1787f2a0]" started-at="2022-06-24T05:06:45Z" name="endLOG" finished-at="2022-06-24T05:06:45Z" duration-ms="0" status="PASS">
          <reporter-output>
          </reporter-output>
        </test-method> <!-- endLOG -->
        <test-method is-config="true" signature="setUp(boolean, java.lang.String, java.lang.String, java.lang.String, java.lang.String, java.lang.String, java.lang.String)[pri:0, instance:uitaptests.ExistingElement@1787f2a0]" started-at="2022-06-24T05:06:45Z" name="setUp" finished-at="2022-06-24T05:06:46Z" duration-ms="1372" status="PASS">
          <params>
            <param index="0">
              <value>
                <![CDATA[false]]>
              </value>
            </param>
            <param index="1">
              <value>
                <![CDATA[browserstack]]>
              </value>
            </param>
            <param index="2">
              <value>
                <![CDATA[windows]]>
              </value>
            </param>
            <param index="3">
              <value>
                <![CDATA[11]]>
              </value>
            </param>
            <param index="4">
              <value>
                <![CDATA[chrome]]>
              </value>
            </param>
            <param index="5">
              <value>
                <![CDATA[102]]>
              </value>
            </param>
            <param index="6">
              <value>
                <![CDATA[http://uitestingplayground.com/]]>
              </value>
            </param>
          </params>
          <reporter-output>
          </reporter-output>
        </test-method> <!-- setUp -->
        <test-method is-config="true" signature="startExtent(java.lang.reflect.Method)[pri:0, instance:uitaptests.ExistingElement@1787f2a0]" started-at="2022-06-24T05:06:46Z" name="startExtent" finished-at="2022-06-24T05:06:46Z" duration-ms="0" status="PASS">
          <params>
            <param index="0">
              <value>
                <![CDATA[public void uitaptests.ExistingElement.verifyWaitForText()]]>
              </value>
            </param>
          </params>
          <reporter-output>
          </reporter-output>
        </test-method> <!-- startExtent -->
        <test-method signature="verifyWaitForText()[pri:0, instance:uitaptests.ExistingElement@1787f2a0]" started-at="2022-06-24T05:06:46Z" name="verifyWaitForText" finished-at="2022-06-24T05:07:06Z" duration-ms="20230" status="PASS">
          <reporter-output>
          </reporter-output>
        </test-method> <!-- verifyWaitForText -->
        <test-method is-config="true" signature="afterEachTestMethod(org.testng.ITestResult)[pri:0, instance:uitaptests.ExistingElement@1787f2a0]" started-at="2022-06-24T05:07:06Z" name="afterEachTestMethod" finished-at="2022-06-24T05:07:07Z" duration-ms="658" status="PASS">
          <params>
            <param index="0">
              <value>
                <![CDATA[[TestResult name=verifyWaitForText status=SUCCESS method=ExistingElement.verifyWaitForText()[pri:0, instance:uitaptests.ExistingElement@1787f2a0] output={null}]]]>
              </value>
            </param>
          </params>
          <reporter-output>
          </reporter-output>
        </test-method> <!-- afterEachTestMethod -->
        <test-method is-config="true" signature="endLOG()[pri:0, instance:uitaptests.ExistingElement@1787f2a0]" started-at="2022-06-24T05:07:07Z" name="endLOG" finished-at="2022-06-24T05:07:07Z" duration-ms="0" status="PASS">
          <reporter-output>
          </reporter-output>
        </test-method> <!-- endLOG -->
        <test-method is-config="true" signature="tearDown()[pri:0, instance:uitaptests.ExistingElement@1787f2a0]" started-at="2022-06-24T05:07:07Z" name="tearDown" finished-at="2022-06-24T05:07:07Z" duration-ms="0" status="PASS">
          <reporter-output>
          </reporter-output>
        </test-method> <!-- tearDown -->
        <test-method is-config="true" signature="setUp(boolean, java.lang.String, java.lang.String, java.lang.String, java.lang.String, java.lang.String, java.lang.String)[pri:0, instance:uitaptests.ExistingElement@1787f2a0]" started-at="2022-06-24T05:07:07Z" name="setUp" finished-at="2022-06-24T05:07:08Z" duration-ms="1425" status="PASS">
          <params>
            <param index="0">
              <value>
                <![CDATA[false]]>
              </value>
            </param>
            <param index="1">
              <value>
                <![CDATA[browserstack]]>
              </value>
            </param>
            <param index="2">
              <value>
                <![CDATA[windows]]>
              </value>
            </param>
            <param index="3">
              <value>
                <![CDATA[11]]>
              </value>
            </param>
            <param index="4">
              <value>
                <![CDATA[chrome]]>
              </value>
            </param>
            <param index="5">
              <value>
                <![CDATA[102]]>
              </value>
            </param>
            <param index="6">
              <value>
                <![CDATA[http://uitestingplayground.com/]]>
              </value>
            </param>
          </params>
          <reporter-output>
          </reporter-output>
        </test-method> <!-- setUp -->
        <test-method is-config="true" signature="startExtent(java.lang.reflect.Method)[pri:0, instance:uitaptests.ExistingElement@1787f2a0]" started-at="2022-06-24T05:07:08Z" name="startExtent" finished-at="2022-06-24T05:07:08Z" duration-ms="1" status="PASS">
          <params>
            <param index="0">
              <value>
                <![CDATA[public void uitaptests.ExistingElement.verifyWelcomeText()]]>
              </value>
            </param>
          </params>
          <reporter-output>
          </reporter-output>
        </test-method> <!-- startExtent -->
        <test-method signature="verifyWelcomeText()[pri:0, instance:uitaptests.ExistingElement@1787f2a0]" started-at="2022-06-24T05:07:08Z" name="verifyWelcomeText" finished-at="2022-06-24T05:07:09Z" duration-ms="236" status="PASS">
          <reporter-output>
          </reporter-output>
        </test-method> <!-- verifyWelcomeText -->
        <test-method is-config="true" signature="afterEachTestMethod(org.testng.ITestResult)[pri:0, instance:uitaptests.ExistingElement@1787f2a0]" started-at="2022-06-24T05:07:09Z" name="afterEachTestMethod" finished-at="2022-06-24T05:07:09Z" duration-ms="651" status="PASS">
          <params>
            <param index="0">
              <value>
                <![CDATA[[TestResult name=verifyWelcomeText status=SUCCESS method=ExistingElement.verifyWelcomeText()[pri:0, instance:uitaptests.ExistingElement@1787f2a0] output={null}]]]>
              </value>
            </param>
          </params>
          <reporter-output>
          </reporter-output>
        </test-method> <!-- afterEachTestMethod -->
        <test-method is-config="true" signature="endLOG()[pri:0, instance:uitaptests.ExistingElement@1787f2a0]" started-at="2022-06-24T05:07:09Z" name="endLOG" finished-at="2022-06-24T05:07:09Z" duration-ms="0" status="PASS">
          <reporter-output>
          </reporter-output>
        </test-method> <!-- endLOG -->
        <test-method is-config="true" signature="tearDown()[pri:0, instance:uitaptests.ExistingElement@1787f2a0]" started-at="2022-06-24T05:07:09Z" name="tearDown" finished-at="2022-06-24T05:07:09Z" duration-ms="0" status="PASS">
          <reporter-output>
          </reporter-output>
        </test-method> <!-- tearDown -->
        <test-method is-config="true" signature="generateReport()[pri:0, instance:uitaptests.ExistingElement@1787f2a0]" started-at="2022-06-24T05:10:22Z" name="generateReport" finished-at="2022-06-24T05:10:22Z" duration-ms="15" status="PASS">
          <reporter-output>
          </reporter-output>
        </test-method> <!-- generateReport -->
      </class> <!-- uitaptests.ExistingElement -->
      <class name="uitaptests.PageButtons">
        <test-method is-config="true" signature="setUp(boolean, java.lang.String, java.lang.String, java.lang.String, java.lang.String, java.lang.String, java.lang.String)[pri:0, instance:uitaptests.PageButtons@7905a0b8]" started-at="2022-06-24T05:08:45Z" name="setUp" finished-at="2022-06-24T05:08:47Z" duration-ms="1377" status="PASS">
          <params>
            <param index="0">
              <value>
                <![CDATA[false]]>
              </value>
            </param>
            <param index="1">
              <value>
                <![CDATA[browserstack]]>
              </value>
            </param>
            <param index="2">
              <value>
                <![CDATA[windows]]>
              </value>
            </param>
            <param index="3">
              <value>
                <![CDATA[11]]>
              </value>
            </param>
            <param index="4">
              <value>
                <![CDATA[chrome]]>
              </value>
            </param>
            <param index="5">
              <value>
                <![CDATA[102]]>
              </value>
            </param>
            <param index="6">
              <value>
                <![CDATA[http://uitestingplayground.com/]]>
              </value>
            </param>
          </params>
          <reporter-output>
          </reporter-output>
        </test-method> <!-- setUp -->
        <test-method signature="ClickableRemovedButton()[pri:0, instance:uitaptests.PageButtons@7905a0b8]" started-at="2022-06-24T05:08:47Z" name="ClickableRemovedButton" finished-at="2022-06-24T05:08:47Z" duration-ms="218" status="PASS">
          <reporter-output>
          </reporter-output>
        </test-method> <!-- ClickableRemovedButton -->
        <test-method is-config="true" signature="startExtent(java.lang.reflect.Method)[pri:0, instance:uitaptests.PageButtons@7905a0b8]" started-at="2022-06-24T05:08:47Z" name="startExtent" finished-at="2022-06-24T05:08:47Z" duration-ms="0" status="PASS">
          <params>
            <param index="0">
              <value>
                <![CDATA[public void uitaptests.PageButtons.ClickableRemovedButton()]]>
              </value>
            </param>
          </params>
          <reporter-output>
          </reporter-output>
        </test-method> <!-- startExtent -->
        <test-method is-config="true" signature="afterEachTestMethod(org.testng.ITestResult)[pri:0, instance:uitaptests.PageButtons@7905a0b8]" started-at="2022-06-24T05:08:47Z" name="afterEachTestMethod" finished-at="2022-06-24T05:08:48Z" duration-ms="665" status="PASS">
          <params>
            <param index="0">
              <value>
                <![CDATA[[TestResult name=ClickableRemovedButton status=SUCCESS method=PageButtons.ClickableRemovedButton()[pri:0, instance:uitaptests.PageButtons@7905a0b8] output={null}]]]>
              </value>
            </param>
          </params>
          <reporter-output>
          </reporter-output>
        </test-method> <!-- afterEachTestMethod -->
        <test-method is-config="true" signature="endLOG()[pri:0, instance:uitaptests.PageButtons@7905a0b8]" started-at="2022-06-24T05:08:48Z" name="endLOG" finished-at="2022-06-24T05:08:48Z" duration-ms="0" status="PASS">
          <reporter-output>
          </reporter-output>
        </test-method> <!-- endLOG -->
        <test-method is-config="true" signature="tearDown()[pri:0, instance:uitaptests.PageButtons@7905a0b8]" started-at="2022-06-24T05:08:48Z" name="tearDown" finished-at="2022-06-24T05:08:48Z" duration-ms="0" status="PASS">
          <reporter-output>
          </reporter-output>
        </test-method> <!-- tearDown -->
        <test-method is-config="true" signature="setUp(boolean, java.lang.String, java.lang.String, java.lang.String, java.lang.String, java.lang.String, java.lang.String)[pri:0, instance:uitaptests.PageButtons@7905a0b8]" started-at="2022-06-24T05:08:48Z" name="setUp" finished-at="2022-06-24T05:08:49Z" duration-ms="1340" status="PASS">
          <params>
            <param index="0">
              <value>
                <![CDATA[false]]>
              </value>
            </param>
            <param index="1">
              <value>
                <![CDATA[browserstack]]>
              </value>
            </param>
            <param index="2">
              <value>
                <![CDATA[windows]]>
              </value>
            </param>
            <param index="3">
              <value>
                <![CDATA[11]]>
              </value>
            </param>
            <param index="4">
              <value>
                <![CDATA[chrome]]>
              </value>
            </param>
            <param index="5">
              <value>
                <![CDATA[102]]>
              </value>
            </param>
            <param index="6">
              <value>
                <![CDATA[http://uitestingplayground.com/]]>
              </value>
            </param>
          </params>
          <reporter-output>
          </reporter-output>
        </test-method> <!-- setUp -->
        <test-method is-config="true" signature="startExtent(java.lang.reflect.Method)[pri:0, instance:uitaptests.PageButtons@7905a0b8]" started-at="2022-06-24T05:08:49Z" name="startExtent" finished-at="2022-06-24T05:08:49Z" duration-ms="0" status="PASS">
          <params>
            <param index="0">
              <value>
                <![CDATA[public void uitaptests.PageButtons.DynamicIDButtonClick()]]>
              </value>
            </param>
          </params>
          <reporter-output>
          </reporter-output>
        </test-method> <!-- startExtent -->
        <test-method signature="DynamicIDButtonClick()[pri:0, instance:uitaptests.PageButtons@7905a0b8]" started-at="2022-06-24T05:08:49Z" name="DynamicIDButtonClick" finished-at="2022-06-24T05:08:49Z" duration-ms="275" status="PASS">
          <reporter-output>
          </reporter-output>
        </test-method> <!-- DynamicIDButtonClick -->
        <test-method is-config="true" signature="afterEachTestMethod(org.testng.ITestResult)[pri:0, instance:uitaptests.PageButtons@7905a0b8]" started-at="2022-06-24T05:08:49Z" name="afterEachTestMethod" finished-at="2022-06-24T05:08:50Z" duration-ms="669" status="PASS">
          <params>
            <param index="0">
              <value>
                <![CDATA[[TestResult name=DynamicIDButtonClick status=SUCCESS method=PageButtons.DynamicIDButtonClick()[pri:0, instance:uitaptests.PageButtons@7905a0b8] output={null}]]]>
              </value>
            </param>
          </params>
          <reporter-output>
          </reporter-output>
        </test-method> <!-- afterEachTestMethod -->
        <test-method is-config="true" signature="endLOG()[pri:0, instance:uitaptests.PageButtons@7905a0b8]" started-at="2022-06-24T05:08:50Z" name="endLOG" finished-at="2022-06-24T05:08:50Z" duration-ms="0" status="PASS">
          <reporter-output>
          </reporter-output>
        </test-method> <!-- endLOG -->
        <test-method is-config="true" signature="tearDown()[pri:0, instance:uitaptests.PageButtons@7905a0b8]" started-at="2022-06-24T05:08:50Z" name="tearDown" finished-at="2022-06-24T05:08:50Z" duration-ms="0" status="PASS">
          <reporter-output>
          </reporter-output>
        </test-method> <!-- tearDown -->
        <test-method is-config="true" signature="setUp(boolean, java.lang.String, java.lang.String, java.lang.String, java.lang.String, java.lang.String, java.lang.String)[pri:0, instance:uitaptests.PageButtons@7905a0b8]" started-at="2022-06-24T05:08:50Z" name="setUp" finished-at="2022-06-24T05:08:51Z" duration-ms="1363" status="PASS">
          <params>
            <param index="0">
              <value>
                <![CDATA[false]]>
              </value>
            </param>
            <param index="1">
              <value>
                <![CDATA[browserstack]]>
              </value>
            </param>
            <param index="2">
              <value>
                <![CDATA[windows]]>
              </value>
            </param>
            <param index="3">
              <value>
                <![CDATA[11]]>
              </value>
            </param>
            <param index="4">
              <value>
                <![CDATA[chrome]]>
              </value>
            </param>
            <param index="5">
              <value>
                <![CDATA[102]]>
              </value>
            </param>
            <param index="6">
              <value>
                <![CDATA[http://uitestingplayground.com/]]>
              </value>
            </param>
          </params>
          <reporter-output>
          </reporter-output>
        </test-method> <!-- setUp -->
        <test-method is-config="true" signature="startExtent(java.lang.reflect.Method)[pri:0, instance:uitaptests.PageButtons@7905a0b8]" started-at="2022-06-24T05:08:51Z" name="startExtent" finished-at="2022-06-24T05:08:51Z" duration-ms="0" status="PASS">
          <params>
            <param index="0">
              <value>
                <![CDATA[public void uitaptests.PageButtons.HideFunction()]]>
              </value>
            </param>
          </params>
          <reporter-output>
          </reporter-output>
        </test-method> <!-- startExtent -->
        <test-method signature="HideFunction()[pri:0, instance:uitaptests.PageButtons@7905a0b8]" started-at="2022-06-24T05:08:51Z" name="HideFunction" finished-at="2022-06-24T05:08:52Z" duration-ms="576" status="PASS">
          <reporter-output>
          </reporter-output>
        </test-method> <!-- HideFunction -->
        <test-method is-config="true" signature="afterEachTestMethod(org.testng.ITestResult)[pri:0, instance:uitaptests.PageButtons@7905a0b8]" started-at="2022-06-24T05:08:52Z" name="afterEachTestMethod" finished-at="2022-06-24T05:08:52Z" duration-ms="666" status="PASS">
          <params>
            <param index="0">
              <value>
                <![CDATA[[TestResult name=HideFunction status=SUCCESS method=PageButtons.HideFunction()[pri:0, instance:uitaptests.PageButtons@7905a0b8] output={null}]]]>
              </value>
            </param>
          </params>
          <reporter-output>
          </reporter-output>
        </test-method> <!-- afterEachTestMethod -->
        <test-method is-config="true" signature="endLOG()[pri:0, instance:uitaptests.PageButtons@7905a0b8]" started-at="2022-06-24T05:08:52Z" name="endLOG" finished-at="2022-06-24T05:08:52Z" duration-ms="0" status="PASS">
          <reporter-output>
          </reporter-output>
        </test-method> <!-- endLOG -->
        <test-method is-config="true" signature="setUp(boolean, java.lang.String, java.lang.String, java.lang.String, java.lang.String, java.lang.String, java.lang.String)[pri:0, instance:uitaptests.PageButtons@7905a0b8]" started-at="2022-06-24T05:08:52Z" name="setUp" finished-at="2022-06-24T05:08:54Z" duration-ms="1363" status="PASS">
          <params>
            <param index="0">
              <value>
                <![CDATA[false]]>
              </value>
            </param>
            <param index="1">
              <value>
                <![CDATA[browserstack]]>
              </value>
            </param>
            <param index="2">
              <value>
                <![CDATA[windows]]>
              </value>
            </param>
            <param index="3">
              <value>
                <![CDATA[11]]>
              </value>
            </param>
            <param index="4">
              <value>
                <![CDATA[chrome]]>
              </value>
            </param>
            <param index="5">
              <value>
                <![CDATA[102]]>
              </value>
            </param>
            <param index="6">
              <value>
                <![CDATA[http://uitestingplayground.com/]]>
              </value>
            </param>
          </params>
          <reporter-output>
          </reporter-output>
        </test-method> <!-- setUp -->
        <test-method is-config="true" signature="tearDown()[pri:0, instance:uitaptests.PageButtons@7905a0b8]" started-at="2022-06-24T05:08:52Z" name="tearDown" finished-at="2022-06-24T05:08:52Z" duration-ms="0" status="PASS">
          <reporter-output>
          </reporter-output>
        </test-method> <!-- tearDown -->
        <test-method is-config="true" signature="startExtent(java.lang.reflect.Method)[pri:0, instance:uitaptests.PageButtons@7905a0b8]" started-at="2022-06-24T05:08:54Z" name="startExtent" finished-at="2022-06-24T05:08:54Z" duration-ms="1" status="PASS">
          <params>
            <param index="0">
              <value>
                <![CDATA[public void uitaptests.PageButtons.HidingButtonClick()]]>
              </value>
            </param>
          </params>
          <reporter-output>
          </reporter-output>
        </test-method> <!-- startExtent -->
        <test-method signature="HidingButtonClick()[pri:0, instance:uitaptests.PageButtons@7905a0b8]" started-at="2022-06-24T05:08:54Z" name="HidingButtonClick" finished-at="2022-06-24T05:08:54Z" duration-ms="262" status="PASS">
          <reporter-output>
          </reporter-output>
        </test-method> <!-- HidingButtonClick -->
        <test-method is-config="true" signature="afterEachTestMethod(org.testng.ITestResult)[pri:0, instance:uitaptests.PageButtons@7905a0b8]" started-at="2022-06-24T05:08:54Z" name="afterEachTestMethod" finished-at="2022-06-24T05:08:55Z" duration-ms="653" status="PASS">
          <params>
            <param index="0">
              <value>
                <![CDATA[[TestResult name=HidingButtonClick status=SUCCESS method=PageButtons.HidingButtonClick()[pri:0, instance:uitaptests.PageButtons@7905a0b8] output={null}]]]>
              </value>
            </param>
          </params>
          <reporter-output>
          </reporter-output>
        </test-method> <!-- afterEachTestMethod -->
        <test-method is-config="true" signature="tearDown()[pri:0, instance:uitaptests.PageButtons@7905a0b8]" started-at="2022-06-24T05:08:55Z" name="tearDown" finished-at="2022-06-24T05:08:55Z" duration-ms="0" status="PASS">
          <reporter-output>
          </reporter-output>
        </test-method> <!-- tearDown -->
        <test-method is-config="true" signature="endLOG()[pri:0, instance:uitaptests.PageButtons@7905a0b8]" started-at="2022-06-24T05:08:55Z" name="endLOG" finished-at="2022-06-24T05:08:55Z" duration-ms="0" status="PASS">
          <reporter-output>
          </reporter-output>
        </test-method> <!-- endLOG -->
        <test-method is-config="true" signature="setUp(boolean, java.lang.String, java.lang.String, java.lang.String, java.lang.String, java.lang.String, java.lang.String)[pri:0, instance:uitaptests.PageButtons@7905a0b8]" started-at="2022-06-24T05:08:55Z" name="setUp" finished-at="2022-06-24T05:08:56Z" duration-ms="1333" status="PASS">
          <params>
            <param index="0">
              <value>
                <![CDATA[false]]>
              </value>
            </param>
            <param index="1">
              <value>
                <![CDATA[browserstack]]>
              </value>
            </param>
            <param index="2">
              <value>
                <![CDATA[windows]]>
              </value>
            </param>
            <param index="3">
              <value>
                <![CDATA[11]]>
              </value>
            </param>
            <param index="4">
              <value>
                <![CDATA[chrome]]>
              </value>
            </param>
            <param index="5">
              <value>
                <![CDATA[102]]>
              </value>
            </param>
            <param index="6">
              <value>
                <![CDATA[http://uitestingplayground.com/]]>
              </value>
            </param>
          </params>
          <reporter-output>
          </reporter-output>
        </test-method> <!-- setUp -->
        <test-method is-config="true" signature="startExtent(java.lang.reflect.Method)[pri:0, instance:uitaptests.PageButtons@7905a0b8]" started-at="2022-06-24T05:08:56Z" name="startExtent" finished-at="2022-06-24T05:08:56Z" duration-ms="0" status="PASS">
          <params>
            <param index="0">
              <value>
                <![CDATA[public void uitaptests.PageButtons.buttonAfterDelay()]]>
              </value>
            </param>
          </params>
          <reporter-output>
          </reporter-output>
        </test-method> <!-- startExtent -->
        <test-method signature="buttonAfterDelay()[pri:0, instance:uitaptests.PageButtons@7905a0b8]" started-at="2022-06-24T05:08:56Z" name="buttonAfterDelay" finished-at="2022-06-24T05:09:01Z" duration-ms="5321" status="PASS">
          <reporter-output>
          </reporter-output>
        </test-method> <!-- buttonAfterDelay -->
        <test-method is-config="true" signature="afterEachTestMethod(org.testng.ITestResult)[pri:0, instance:uitaptests.PageButtons@7905a0b8]" started-at="2022-06-24T05:09:01Z" name="afterEachTestMethod" finished-at="2022-06-24T05:09:02Z" duration-ms="689" status="PASS">
          <params>
            <param index="0">
              <value>
                <![CDATA[[TestResult name=buttonAfterDelay status=SUCCESS method=PageButtons.buttonAfterDelay()[pri:0, instance:uitaptests.PageButtons@7905a0b8] output={null}]]]>
              </value>
            </param>
          </params>
          <reporter-output>
          </reporter-output>
        </test-method> <!-- afterEachTestMethod -->
        <test-method is-config="true" signature="setUp(boolean, java.lang.String, java.lang.String, java.lang.String, java.lang.String, java.lang.String, java.lang.String)[pri:0, instance:uitaptests.PageButtons@7905a0b8]" started-at="2022-06-24T05:09:02Z" name="setUp" finished-at="2022-06-24T05:09:03Z" duration-ms="1298" status="PASS">
          <params>
            <param index="0">
              <value>
                <![CDATA[false]]>
              </value>
            </param>
            <param index="1">
              <value>
                <![CDATA[browserstack]]>
              </value>
            </param>
            <param index="2">
              <value>
                <![CDATA[windows]]>
              </value>
            </param>
            <param index="3">
              <value>
                <![CDATA[11]]>
              </value>
            </param>
            <param index="4">
              <value>
                <![CDATA[chrome]]>
              </value>
            </param>
            <param index="5">
              <value>
                <![CDATA[102]]>
              </value>
            </param>
            <param index="6">
              <value>
                <![CDATA[http://uitestingplayground.com/]]>
              </value>
            </param>
          </params>
          <reporter-output>
          </reporter-output>
        </test-method> <!-- setUp -->
        <test-method is-config="true" signature="endLOG()[pri:0, instance:uitaptests.PageButtons@7905a0b8]" started-at="2022-06-24T05:09:02Z" name="endLOG" finished-at="2022-06-24T05:09:02Z" duration-ms="0" status="PASS">
          <reporter-output>
          </reporter-output>
        </test-method> <!-- endLOG -->
        <test-method is-config="true" signature="tearDown()[pri:0, instance:uitaptests.PageButtons@7905a0b8]" started-at="2022-06-24T05:09:02Z" name="tearDown" finished-at="2022-06-24T05:09:02Z" duration-ms="0" status="PASS">
          <reporter-output>
          </reporter-output>
        </test-method> <!-- tearDown -->
        <test-method is-config="true" signature="startExtent(java.lang.reflect.Method)[pri:0, instance:uitaptests.PageButtons@7905a0b8]" started-at="2022-06-24T05:09:03Z" name="startExtent" finished-at="2022-06-24T05:09:03Z" duration-ms="1" status="PASS">
          <params>
            <param index="0">
              <value>
                <![CDATA[public void uitaptests.PageButtons.clickableDisplayNoneButton()]]>
              </value>
            </param>
          </params>
          <reporter-output>
          </reporter-output>
        </test-method> <!-- startExtent -->
        <test-method signature="clickableDisplayNoneButton()[pri:0, instance:uitaptests.PageButtons@7905a0b8]" started-at="2022-06-24T05:09:03Z" name="clickableDisplayNoneButton" finished-at="2022-06-24T05:09:04Z" duration-ms="244" status="PASS">
          <reporter-output>
          </reporter-output>
        </test-method> <!-- clickableDisplayNoneButton -->
        <test-method is-config="true" signature="afterEachTestMethod(org.testng.ITestResult)[pri:0, instance:uitaptests.PageButtons@7905a0b8]" started-at="2022-06-24T05:09:04Z" name="afterEachTestMethod" finished-at="2022-06-24T05:09:04Z" duration-ms="651" status="PASS">
          <params>
            <param index="0">
              <value>
                <![CDATA[[TestResult name=clickableDisplayNoneButton status=SUCCESS method=PageButtons.clickableDisplayNoneButton()[pri:0, instance:uitaptests.PageButtons@7905a0b8] output={null}]]]>
              </value>
            </param>
          </params>
          <reporter-output>
          </reporter-output>
        </test-method> <!-- afterEachTestMethod -->
        <test-method is-config="true" signature="setUp(boolean, java.lang.String, java.lang.String, java.lang.String, java.lang.String, java.lang.String, java.lang.String)[pri:0, instance:uitaptests.PageButtons@7905a0b8]" started-at="2022-06-24T05:09:04Z" name="setUp" finished-at="2022-06-24T05:09:06Z" duration-ms="1350" status="PASS">
          <params>
            <param index="0">
              <value>
                <![CDATA[false]]>
              </value>
            </param>
            <param index="1">
              <value>
                <![CDATA[browserstack]]>
              </value>
            </param>
            <param index="2">
              <value>
                <![CDATA[windows]]>
              </value>
            </param>
            <param index="3">
              <value>
                <![CDATA[11]]>
              </value>
            </param>
            <param index="4">
              <value>
                <![CDATA[chrome]]>
              </value>
            </param>
            <param index="5">
              <value>
                <![CDATA[102]]>
              </value>
            </param>
            <param index="6">
              <value>
                <![CDATA[http://uitestingplayground.com/]]>
              </value>
            </param>
          </params>
          <reporter-output>
          </reporter-output>
        </test-method> <!-- setUp -->
        <test-method is-config="true" signature="endLOG()[pri:0, instance:uitaptests.PageButtons@7905a0b8]" started-at="2022-06-24T05:09:04Z" name="endLOG" finished-at="2022-06-24T05:09:04Z" duration-ms="0" status="PASS">
          <reporter-output>
          </reporter-output>
        </test-method> <!-- endLOG -->
        <test-method is-config="true" signature="tearDown()[pri:0, instance:uitaptests.PageButtons@7905a0b8]" started-at="2022-06-24T05:09:04Z" name="tearDown" finished-at="2022-06-24T05:09:04Z" duration-ms="0" status="PASS">
          <reporter-output>
          </reporter-output>
        </test-method> <!-- tearDown -->
        <test-method is-config="true" signature="startExtent(java.lang.reflect.Method)[pri:0, instance:uitaptests.PageButtons@7905a0b8]" started-at="2022-06-24T05:09:06Z" name="startExtent" finished-at="2022-06-24T05:09:06Z" duration-ms="1" status="PASS">
          <params>
            <param index="0">
              <value>
                <![CDATA[public void uitaptests.PageButtons.clickableOffScreenButton()]]>
              </value>
            </param>
          </params>
          <reporter-output>
          </reporter-output>
        </test-method> <!-- startExtent -->
        <test-method signature="clickableOffScreenButton()[pri:0, instance:uitaptests.PageButtons@7905a0b8]" started-at="2022-06-24T05:09:06Z" name="clickableOffScreenButton" finished-at="2022-06-24T05:09:06Z" duration-ms="244" status="PASS">
          <reporter-output>
          </reporter-output>
        </test-method> <!-- clickableOffScreenButton -->
        <test-method is-config="true" signature="afterEachTestMethod(org.testng.ITestResult)[pri:0, instance:uitaptests.PageButtons@7905a0b8]" started-at="2022-06-24T05:09:06Z" name="afterEachTestMethod" finished-at="2022-06-24T05:09:07Z" duration-ms="642" status="PASS">
          <params>
            <param index="0">
              <value>
                <![CDATA[[TestResult name=clickableOffScreenButton status=SUCCESS method=PageButtons.clickableOffScreenButton()[pri:0, instance:uitaptests.PageButtons@7905a0b8] output={null}]]]>
              </value>
            </param>
          </params>
          <reporter-output>
          </reporter-output>
        </test-method> <!-- afterEachTestMethod -->
        <test-method is-config="true" signature="endLOG()[pri:0, instance:uitaptests.PageButtons@7905a0b8]" started-at="2022-06-24T05:09:07Z" name="endLOG" finished-at="2022-06-24T05:09:07Z" duration-ms="0" status="PASS">
          <reporter-output>
          </reporter-output>
        </test-method> <!-- endLOG -->
        <test-method is-config="true" signature="tearDown()[pri:0, instance:uitaptests.PageButtons@7905a0b8]" started-at="2022-06-24T05:09:07Z" name="tearDown" finished-at="2022-06-24T05:09:07Z" duration-ms="0" status="PASS">
          <reporter-output>
          </reporter-output>
        </test-method> <!-- tearDown -->
        <test-method is-config="true" signature="setUp(boolean, java.lang.String, java.lang.String, java.lang.String, java.lang.String, java.lang.String, java.lang.String)[pri:0, instance:uitaptests.PageButtons@7905a0b8]" started-at="2022-06-24T05:09:07Z" name="setUp" finished-at="2022-06-24T05:09:08Z" duration-ms="1371" status="PASS">
          <params>
            <param index="0">
              <value>
                <![CDATA[false]]>
              </value>
            </param>
            <param index="1">
              <value>
                <![CDATA[browserstack]]>
              </value>
            </param>
            <param index="2">
              <value>
                <![CDATA[windows]]>
              </value>
            </param>
            <param index="3">
              <value>
                <![CDATA[11]]>
              </value>
            </param>
            <param index="4">
              <value>
                <![CDATA[chrome]]>
              </value>
            </param>
            <param index="5">
              <value>
                <![CDATA[102]]>
              </value>
            </param>
            <param index="6">
              <value>
                <![CDATA[http://uitestingplayground.com/]]>
              </value>
            </param>
          </params>
          <reporter-output>
          </reporter-output>
        </test-method> <!-- setUp -->
        <test-method is-config="true" signature="startExtent(java.lang.reflect.Method)[pri:0, instance:uitaptests.PageButtons@7905a0b8]" started-at="2022-06-24T05:09:08Z" name="startExtent" finished-at="2022-06-24T05:09:08Z" duration-ms="0" status="PASS">
          <params>
            <param index="0">
              <value>
                <![CDATA[public void uitaptests.PageButtons.clickableOverlapButton()]]>
              </value>
            </param>
          </params>
          <reporter-output>
          </reporter-output>
        </test-method> <!-- startExtent -->
        <test-method signature="clickableOverlapButton()[pri:0, instance:uitaptests.PageButtons@7905a0b8]" started-at="2022-06-24T05:09:08Z" name="clickableOverlapButton" finished-at="2022-06-24T05:09:08Z" duration-ms="259" status="PASS">
          <reporter-output>
          </reporter-output>
        </test-method> <!-- clickableOverlapButton -->
        <test-method is-config="true" signature="afterEachTestMethod(org.testng.ITestResult)[pri:0, instance:uitaptests.PageButtons@7905a0b8]" started-at="2022-06-24T05:09:08Z" name="afterEachTestMethod" finished-at="2022-06-24T05:09:09Z" duration-ms="670" status="PASS">
          <params>
            <param index="0">
              <value>
                <![CDATA[[TestResult name=clickableOverlapButton status=SUCCESS method=PageButtons.clickableOverlapButton()[pri:0, instance:uitaptests.PageButtons@7905a0b8] output={null}]]]>
              </value>
            </param>
          </params>
          <reporter-output>
          </reporter-output>
        </test-method> <!-- afterEachTestMethod -->
        <test-method is-config="true" signature="endLOG()[pri:0, instance:uitaptests.PageButtons@7905a0b8]" started-at="2022-06-24T05:09:09Z" name="endLOG" finished-at="2022-06-24T05:09:09Z" duration-ms="0" status="PASS">
          <reporter-output>
          </reporter-output>
        </test-method> <!-- endLOG -->
        <test-method is-config="true" signature="tearDown()[pri:0, instance:uitaptests.PageButtons@7905a0b8]" started-at="2022-06-24T05:09:09Z" name="tearDown" finished-at="2022-06-24T05:09:09Z" duration-ms="0" status="PASS">
          <reporter-output>
          </reporter-output>
        </test-method> <!-- tearDown -->
        <test-method is-config="true" signature="setUp(boolean, java.lang.String, java.lang.String, java.lang.String, java.lang.String, java.lang.String, java.lang.String)[pri:0, instance:uitaptests.PageButtons@7905a0b8]" started-at="2022-06-24T05:09:09Z" name="setUp" finished-at="2022-06-24T05:09:10Z" duration-ms="1397" status="PASS">
          <params>
            <param index="0">
              <value>
                <![CDATA[false]]>
              </value>
            </param>
            <param index="1">
              <value>
                <![CDATA[browserstack]]>
              </value>
            </param>
            <param index="2">
              <value>
                <![CDATA[windows]]>
              </value>
            </param>
            <param index="3">
              <value>
                <![CDATA[11]]>
              </value>
            </param>
            <param index="4">
              <value>
                <![CDATA[chrome]]>
              </value>
            </param>
            <param index="5">
              <value>
                <![CDATA[102]]>
              </value>
            </param>
            <param index="6">
              <value>
                <![CDATA[http://uitestingplayground.com/]]>
              </value>
            </param>
          </params>
          <reporter-output>
          </reporter-output>
        </test-method> <!-- setUp -->
        <test-method is-config="true" signature="startExtent(java.lang.reflect.Method)[pri:0, instance:uitaptests.PageButtons@7905a0b8]" started-at="2022-06-24T05:09:10Z" name="startExtent" finished-at="2022-06-24T05:09:10Z" duration-ms="1" status="PASS">
          <params>
            <param index="0">
              <value>
                <![CDATA[public void uitaptests.PageButtons.clickableTransparentButton()]]>
              </value>
            </param>
          </params>
          <reporter-output>
          </reporter-output>
        </test-method> <!-- startExtent -->
        <test-method signature="clickableTransparentButton()[pri:0, instance:uitaptests.PageButtons@7905a0b8]" started-at="2022-06-24T05:09:10Z" name="clickableTransparentButton" finished-at="2022-06-24T05:09:11Z" duration-ms="266" status="PASS">
          <reporter-output>
          </reporter-output>
        </test-method> <!-- clickableTransparentButton -->
        <test-method is-config="true" signature="afterEachTestMethod(org.testng.ITestResult)[pri:0, instance:uitaptests.PageButtons@7905a0b8]" started-at="2022-06-24T05:09:11Z" name="afterEachTestMethod" finished-at="2022-06-24T05:09:11Z" duration-ms="669" status="PASS">
          <params>
            <param index="0">
              <value>
                <![CDATA[[TestResult name=clickableTransparentButton status=SUCCESS method=PageButtons.clickableTransparentButton()[pri:0, instance:uitaptests.PageButtons@7905a0b8] output={null}]]]>
              </value>
            </param>
          </params>
          <reporter-output>
          </reporter-output>
        </test-method> <!-- afterEachTestMethod -->
        <test-method is-config="true" signature="tearDown()[pri:0, instance:uitaptests.PageButtons@7905a0b8]" started-at="2022-06-24T05:09:11Z" name="tearDown" finished-at="2022-06-24T05:09:11Z" duration-ms="0" status="PASS">
          <reporter-output>
          </reporter-output>
        </test-method> <!-- tearDown -->
        <test-method is-config="true" signature="setUp(boolean, java.lang.String, java.lang.String, java.lang.String, java.lang.String, java.lang.String, java.lang.String)[pri:0, instance:uitaptests.PageButtons@7905a0b8]" started-at="2022-06-24T05:09:11Z" name="setUp" finished-at="2022-06-24T05:09:13Z" duration-ms="1441" status="PASS">
          <params>
            <param index="0">
              <value>
                <![CDATA[false]]>
              </value>
            </param>
            <param index="1">
              <value>
                <![CDATA[browserstack]]>
              </value>
            </param>
            <param index="2">
              <value>
                <![CDATA[windows]]>
              </value>
            </param>
            <param index="3">
              <value>
                <![CDATA[11]]>
              </value>
            </param>
            <param index="4">
              <value>
                <![CDATA[chrome]]>
              </value>
            </param>
            <param index="5">
              <value>
                <![CDATA[102]]>
              </value>
            </param>
            <param index="6">
              <value>
                <![CDATA[http://uitestingplayground.com/]]>
              </value>
            </param>
          </params>
          <reporter-output>
          </reporter-output>
        </test-method> <!-- setUp -->
        <test-method is-config="true" signature="endLOG()[pri:0, instance:uitaptests.PageButtons@7905a0b8]" started-at="2022-06-24T05:09:11Z" name="endLOG" finished-at="2022-06-24T05:09:11Z" duration-ms="0" status="PASS">
          <reporter-output>
          </reporter-output>
        </test-method> <!-- endLOG -->
        <test-method is-config="true" signature="startExtent(java.lang.reflect.Method)[pri:0, instance:uitaptests.PageButtons@7905a0b8]" started-at="2022-06-24T05:09:13Z" name="startExtent" finished-at="2022-06-24T05:09:13Z" duration-ms="0" status="PASS">
          <params>
            <param index="0">
              <value>
                <![CDATA[public void uitaptests.PageButtons.clickableVisibilHiddenButton()]]>
              </value>
            </param>
          </params>
          <reporter-output>
          </reporter-output>
        </test-method> <!-- startExtent -->
        <test-method signature="clickableVisibilHiddenButton()[pri:0, instance:uitaptests.PageButtons@7905a0b8]" started-at="2022-06-24T05:09:13Z" name="clickableVisibilHiddenButton" finished-at="2022-06-24T05:09:13Z" duration-ms="246" status="PASS">
          <reporter-output>
          </reporter-output>
        </test-method> <!-- clickableVisibilHiddenButton -->
        <test-method is-config="true" signature="afterEachTestMethod(org.testng.ITestResult)[pri:0, instance:uitaptests.PageButtons@7905a0b8]" started-at="2022-06-24T05:09:13Z" name="afterEachTestMethod" finished-at="2022-06-24T05:09:14Z" duration-ms="650" status="PASS">
          <params>
            <param index="0">
              <value>
                <![CDATA[[TestResult name=clickableVisibilHiddenButton status=SUCCESS method=PageButtons.clickableVisibilHiddenButton()[pri:0, instance:uitaptests.PageButtons@7905a0b8] output={null}]]]>
              </value>
            </param>
          </params>
          <reporter-output>
          </reporter-output>
        </test-method> <!-- afterEachTestMethod -->
        <test-method is-config="true" signature="setUp(boolean, java.lang.String, java.lang.String, java.lang.String, java.lang.String, java.lang.String, java.lang.String)[pri:0, instance:uitaptests.PageButtons@7905a0b8]" started-at="2022-06-24T05:09:14Z" name="setUp" finished-at="2022-06-24T05:09:15Z" duration-ms="1371" status="PASS">
          <params>
            <param index="0">
              <value>
                <![CDATA[false]]>
              </value>
            </param>
            <param index="1">
              <value>
                <![CDATA[browserstack]]>
              </value>
            </param>
            <param index="2">
              <value>
                <![CDATA[windows]]>
              </value>
            </param>
            <param index="3">
              <value>
                <![CDATA[11]]>
              </value>
            </param>
            <param index="4">
              <value>
                <![CDATA[chrome]]>
              </value>
            </param>
            <param index="5">
              <value>
                <![CDATA[102]]>
              </value>
            </param>
            <param index="6">
              <value>
                <![CDATA[http://uitestingplayground.com/]]>
              </value>
            </param>
          </params>
          <reporter-output>
          </reporter-output>
        </test-method> <!-- setUp -->
        <test-method is-config="true" signature="endLOG()[pri:0, instance:uitaptests.PageButtons@7905a0b8]" started-at="2022-06-24T05:09:14Z" name="endLOG" finished-at="2022-06-24T05:09:14Z" duration-ms="0" status="PASS">
          <reporter-output>
          </reporter-output>
        </test-method> <!-- endLOG -->
        <test-method is-config="true" signature="tearDown()[pri:0, instance:uitaptests.PageButtons@7905a0b8]" started-at="2022-06-24T05:09:14Z" name="tearDown" finished-at="2022-06-24T05:09:14Z" duration-ms="0" status="PASS">
          <reporter-output>
          </reporter-output>
        </test-method> <!-- tearDown -->
        <test-method signature="clickableZeroWidthButton()[pri:0, instance:uitaptests.PageButtons@7905a0b8]" started-at="2022-06-24T05:09:15Z" name="clickableZeroWidthButton" finished-at="2022-06-24T05:09:15Z" duration-ms="250" status="PASS">
          <reporter-output>
          </reporter-output>
        </test-method> <!-- clickableZeroWidthButton -->
        <test-method is-config="true" signature="startExtent(java.lang.reflect.Method)[pri:0, instance:uitaptests.PageButtons@7905a0b8]" started-at="2022-06-24T05:09:15Z" name="startExtent" finished-at="2022-06-24T05:09:15Z" duration-ms="0" status="PASS">
          <params>
            <param index="0">
              <value>
                <![CDATA[public void uitaptests.PageButtons.clickableZeroWidthButton()]]>
              </value>
            </param>
          </params>
          <reporter-output>
          </reporter-output>
        </test-method> <!-- startExtent -->
        <test-method is-config="true" signature="afterEachTestMethod(org.testng.ITestResult)[pri:0, instance:uitaptests.PageButtons@7905a0b8]" started-at="2022-06-24T05:09:15Z" name="afterEachTestMethod" finished-at="2022-06-24T05:09:16Z" duration-ms="651" status="PASS">
          <params>
            <param index="0">
              <value>
                <![CDATA[[TestResult name=clickableZeroWidthButton status=SUCCESS method=PageButtons.clickableZeroWidthButton()[pri:0, instance:uitaptests.PageButtons@7905a0b8] output={null}]]]>
              </value>
            </param>
          </params>
          <reporter-output>
          </reporter-output>
        </test-method> <!-- afterEachTestMethod -->
        <test-method is-config="true" signature="tearDown()[pri:0, instance:uitaptests.PageButtons@7905a0b8]" started-at="2022-06-24T05:09:16Z" name="tearDown" finished-at="2022-06-24T05:09:16Z" duration-ms="0" status="PASS">
          <reporter-output>
          </reporter-output>
        </test-method> <!-- tearDown -->
        <test-method is-config="true" signature="setUp(boolean, java.lang.String, java.lang.String, java.lang.String, java.lang.String, java.lang.String, java.lang.String)[pri:0, instance:uitaptests.PageButtons@7905a0b8]" started-at="2022-06-24T05:09:16Z" name="setUp" finished-at="2022-06-24T05:09:17Z" duration-ms="1327" status="PASS">
          <params>
            <param index="0">
              <value>
                <![CDATA[false]]>
              </value>
            </param>
            <param index="1">
              <value>
                <![CDATA[browserstack]]>
              </value>
            </param>
            <param index="2">
              <value>
                <![CDATA[windows]]>
              </value>
            </param>
            <param index="3">
              <value>
                <![CDATA[11]]>
              </value>
            </param>
            <param index="4">
              <value>
                <![CDATA[chrome]]>
              </value>
            </param>
            <param index="5">
              <value>
                <![CDATA[102]]>
              </value>
            </param>
            <param index="6">
              <value>
                <![CDATA[http://uitestingplayground.com/]]>
              </value>
            </param>
          </params>
          <reporter-output>
          </reporter-output>
        </test-method> <!-- setUp -->
        <test-method is-config="true" signature="endLOG()[pri:0, instance:uitaptests.PageButtons@7905a0b8]" started-at="2022-06-24T05:09:16Z" name="endLOG" finished-at="2022-06-24T05:09:16Z" duration-ms="0" status="PASS">
          <reporter-output>
          </reporter-output>
        </test-method> <!-- endLOG -->
        <test-method is-config="true" signature="startExtent(java.lang.reflect.Method)[pri:0, instance:uitaptests.PageButtons@7905a0b8]" started-at="2022-06-24T05:09:17Z" name="startExtent" finished-at="2022-06-24T05:09:17Z" duration-ms="0" status="PASS">
          <params>
            <param index="0">
              <value>
                <![CDATA[public void uitaptests.PageButtons.greenButtonClickable()]]>
              </value>
            </param>
          </params>
          <reporter-output>
          </reporter-output>
        </test-method> <!-- startExtent -->
        <test-method signature="greenButtonClickable()[pri:0, instance:uitaptests.PageButtons@7905a0b8]" started-at="2022-06-24T05:09:17Z" name="greenButtonClickable" finished-at="2022-06-24T05:09:17Z" duration-ms="267" status="PASS">
          <reporter-output>
          </reporter-output>
        </test-method> <!-- greenButtonClickable -->
        <test-method is-config="true" signature="afterEachTestMethod(org.testng.ITestResult)[pri:0, instance:uitaptests.PageButtons@7905a0b8]" started-at="2022-06-24T05:09:17Z" name="afterEachTestMethod" finished-at="2022-06-24T05:09:18Z" duration-ms="658" status="PASS">
          <params>
            <param index="0">
              <value>
                <![CDATA[[TestResult name=greenButtonClickable status=SUCCESS method=PageButtons.greenButtonClickable()[pri:0, instance:uitaptests.PageButtons@7905a0b8] output={null}]]]>
              </value>
            </param>
          </params>
          <reporter-output>
          </reporter-output>
        </test-method> <!-- afterEachTestMethod -->
        <test-method is-config="true" signature="tearDown()[pri:0, instance:uitaptests.PageButtons@7905a0b8]" started-at="2022-06-24T05:09:18Z" name="tearDown" finished-at="2022-06-24T05:09:18Z" duration-ms="0" status="PASS">
          <reporter-output>
          </reporter-output>
        </test-method> <!-- tearDown -->
        <test-method is-config="true" signature="endLOG()[pri:0, instance:uitaptests.PageButtons@7905a0b8]" started-at="2022-06-24T05:09:18Z" name="endLOG" finished-at="2022-06-24T05:09:18Z" duration-ms="0" status="PASS">
          <reporter-output>
          </reporter-output>
        </test-method> <!-- endLOG -->
        <test-method is-config="true" signature="setUp(boolean, java.lang.String, java.lang.String, java.lang.String, java.lang.String, java.lang.String, java.lang.String)[pri:0, instance:uitaptests.PageButtons@7905a0b8]" started-at="2022-06-24T05:09:18Z" name="setUp" finished-at="2022-06-24T05:09:19Z" duration-ms="1359" status="PASS">
          <params>
            <param index="0">
              <value>
                <![CDATA[false]]>
              </value>
            </param>
            <param index="1">
              <value>
                <![CDATA[browserstack]]>
              </value>
            </param>
            <param index="2">
              <value>
                <![CDATA[windows]]>
              </value>
            </param>
            <param index="3">
              <value>
                <![CDATA[11]]>
              </value>
            </param>
            <param index="4">
              <value>
                <![CDATA[chrome]]>
              </value>
            </param>
            <param index="5">
              <value>
                <![CDATA[102]]>
              </value>
            </param>
            <param index="6">
              <value>
                <![CDATA[http://uitestingplayground.com/]]>
              </value>
            </param>
          </params>
          <reporter-output>
          </reporter-output>
        </test-method> <!-- setUp -->
        <test-method is-config="true" signature="startExtent(java.lang.reflect.Method)[pri:0, instance:uitaptests.PageButtons@7905a0b8]" started-at="2022-06-24T05:09:19Z" name="startExtent" finished-at="2022-06-24T05:09:19Z" duration-ms="1" status="PASS">
          <params>
            <param index="0">
              <value>
                <![CDATA[public void uitaptests.PageButtons.multipleButtonChanges()]]>
              </value>
            </param>
          </params>
          <reporter-output>
          </reporter-output>
        </test-method> <!-- startExtent -->
        <test-method signature="multipleButtonChanges()[pri:0, instance:uitaptests.PageButtons@7905a0b8]" started-at="2022-06-24T05:09:19Z" name="multipleButtonChanges" finished-at="2022-06-24T05:09:20Z" duration-ms="511" status="PASS">
          <reporter-output>
          </reporter-output>
        </test-method> <!-- multipleButtonChanges -->
        <test-method is-config="true" signature="afterEachTestMethod(org.testng.ITestResult)[pri:0, instance:uitaptests.PageButtons@7905a0b8]" started-at="2022-06-24T05:09:20Z" name="afterEachTestMethod" finished-at="2022-06-24T05:09:21Z" duration-ms="660" status="PASS">
          <params>
            <param index="0">
              <value>
                <![CDATA[[TestResult name=multipleButtonChanges status=SUCCESS method=PageButtons.multipleButtonChanges()[pri:0, instance:uitaptests.PageButtons@7905a0b8] output={null}]]]>
              </value>
            </param>
          </params>
          <reporter-output>
          </reporter-output>
        </test-method> <!-- afterEachTestMethod -->
        <test-method is-config="true" signature="tearDown()[pri:0, instance:uitaptests.PageButtons@7905a0b8]" started-at="2022-06-24T05:09:21Z" name="tearDown" finished-at="2022-06-24T05:09:21Z" duration-ms="0" status="PASS">
          <reporter-output>
          </reporter-output>
        </test-method> <!-- tearDown -->
        <test-method is-config="true" signature="endLOG()[pri:0, instance:uitaptests.PageButtons@7905a0b8]" started-at="2022-06-24T05:09:21Z" name="endLOG" finished-at="2022-06-24T05:09:21Z" duration-ms="0" status="PASS">
          <reporter-output>
          </reporter-output>
        </test-method> <!-- endLOG -->
        <test-method is-config="true" signature="setUp(boolean, java.lang.String, java.lang.String, java.lang.String, java.lang.String, java.lang.String, java.lang.String)[pri:0, instance:uitaptests.PageButtons@7905a0b8]" started-at="2022-06-24T05:09:21Z" name="setUp" finished-at="2022-06-24T05:09:22Z" duration-ms="1336" status="PASS">
          <params>
            <param index="0">
              <value>
                <![CDATA[false]]>
              </value>
            </param>
            <param index="1">
              <value>
                <![CDATA[browserstack]]>
              </value>
            </param>
            <param index="2">
              <value>
                <![CDATA[windows]]>
              </value>
            </param>
            <param index="3">
              <value>
                <![CDATA[11]]>
              </value>
            </param>
            <param index="4">
              <value>
                <![CDATA[chrome]]>
              </value>
            </param>
            <param index="5">
              <value>
                <![CDATA[102]]>
              </value>
            </param>
            <param index="6">
              <value>
                <![CDATA[http://uitestingplayground.com/]]>
              </value>
            </param>
          </params>
          <reporter-output>
          </reporter-output>
        </test-method> <!-- setUp -->
        <test-method is-config="true" signature="startExtent(java.lang.reflect.Method)[pri:0, instance:uitaptests.PageButtons@7905a0b8]" started-at="2022-06-24T05:09:22Z" name="startExtent" finished-at="2022-06-24T05:09:22Z" duration-ms="1" status="PASS">
          <params>
            <param index="0">
              <value>
                <![CDATA[public void uitaptests.PageButtons.secondClickonButton()]]>
              </value>
            </param>
          </params>
          <reporter-output>
          </reporter-output>
        </test-method> <!-- startExtent -->
        <test-method signature="secondClickonButton()[pri:0, instance:uitaptests.PageButtons@7905a0b8]" started-at="2022-06-24T05:09:22Z" name="secondClickonButton" finished-at="2022-06-24T05:09:22Z" duration-ms="303" status="PASS">
          <reporter-output>
          </reporter-output>
        </test-method> <!-- secondClickonButton -->
        <test-method is-config="true" signature="afterEachTestMethod(org.testng.ITestResult)[pri:0, instance:uitaptests.PageButtons@7905a0b8]" started-at="2022-06-24T05:09:22Z" name="afterEachTestMethod" finished-at="2022-06-24T05:09:23Z" duration-ms="671" status="PASS">
          <params>
            <param index="0">
              <value>
                <![CDATA[[TestResult name=secondClickonButton status=SUCCESS method=PageButtons.secondClickonButton()[pri:0, instance:uitaptests.PageButtons@7905a0b8] output={null}]]]>
              </value>
            </param>
          </params>
          <reporter-output>
          </reporter-output>
        </test-method> <!-- afterEachTestMethod -->
        <test-method is-config="true" signature="tearDown()[pri:0, instance:uitaptests.PageButtons@7905a0b8]" started-at="2022-06-24T05:09:23Z" name="tearDown" finished-at="2022-06-24T05:09:23Z" duration-ms="0" status="PASS">
          <reporter-output>
          </reporter-output>
        </test-method> <!-- tearDown -->
        <test-method is-config="true" signature="setUp(boolean, java.lang.String, java.lang.String, java.lang.String, java.lang.String, java.lang.String, java.lang.String)[pri:0, instance:uitaptests.PageButtons@7905a0b8]" started-at="2022-06-24T05:09:23Z" name="setUp" finished-at="2022-06-24T05:09:24Z" duration-ms="1348" status="PASS">
          <params>
            <param index="0">
              <value>
                <![CDATA[false]]>
              </value>
            </param>
            <param index="1">
              <value>
                <![CDATA[browserstack]]>
              </value>
            </param>
            <param index="2">
              <value>
                <![CDATA[windows]]>
              </value>
            </param>
            <param index="3">
              <value>
                <![CDATA[11]]>
              </value>
            </param>
            <param index="4">
              <value>
                <![CDATA[chrome]]>
              </value>
            </param>
            <param index="5">
              <value>
                <![CDATA[102]]>
              </value>
            </param>
            <param index="6">
              <value>
                <![CDATA[http://uitestingplayground.com/]]>
              </value>
            </param>
          </params>
          <reporter-output>
          </reporter-output>
        </test-method> <!-- setUp -->
        <test-method is-config="true" signature="endLOG()[pri:0, instance:uitaptests.PageButtons@7905a0b8]" started-at="2022-06-24T05:09:23Z" name="endLOG" finished-at="2022-06-24T05:09:23Z" duration-ms="0" status="PASS">
          <reporter-output>
          </reporter-output>
        </test-method> <!-- endLOG -->
        <test-method is-config="true" signature="startExtent(java.lang.reflect.Method)[pri:0, instance:uitaptests.PageButtons@7905a0b8]" started-at="2022-06-24T05:09:24Z" name="startExtent" finished-at="2022-06-24T05:09:24Z" duration-ms="1" status="PASS">
          <params>
            <param index="0">
              <value>
                <![CDATA[public void uitaptests.PageButtons.textBoxClickable()]]>
              </value>
            </param>
          </params>
          <reporter-output>
          </reporter-output>
        </test-method> <!-- startExtent -->
        <test-method signature="textBoxClickable()[pri:0, instance:uitaptests.PageButtons@7905a0b8]" started-at="2022-06-24T05:09:24Z" name="textBoxClickable" finished-at="2022-06-24T05:09:25Z" duration-ms="328" status="PASS">
          <reporter-output>
          </reporter-output>
        </test-method> <!-- textBoxClickable -->
        <test-method is-config="true" signature="afterEachTestMethod(org.testng.ITestResult)[pri:0, instance:uitaptests.PageButtons@7905a0b8]" started-at="2022-06-24T05:09:25Z" name="afterEachTestMethod" finished-at="2022-06-24T05:09:25Z" duration-ms="685" status="PASS">
          <params>
            <param index="0">
              <value>
                <![CDATA[[TestResult name=textBoxClickable status=SUCCESS method=PageButtons.textBoxClickable()[pri:0, instance:uitaptests.PageButtons@7905a0b8] output={null}]]]>
              </value>
            </param>
          </params>
          <reporter-output>
          </reporter-output>
        </test-method> <!-- afterEachTestMethod -->
        <test-method is-config="true" signature="setUp(boolean, java.lang.String, java.lang.String, java.lang.String, java.lang.String, java.lang.String, java.lang.String)[pri:0, instance:uitaptests.PageButtons@7905a0b8]" started-at="2022-06-24T05:09:25Z" name="setUp" finished-at="2022-06-24T05:09:27Z" duration-ms="1366" status="PASS">
          <params>
            <param index="0">
              <value>
                <![CDATA[false]]>
              </value>
            </param>
            <param index="1">
              <value>
                <![CDATA[browserstack]]>
              </value>
            </param>
            <param index="2">
              <value>
                <![CDATA[windows]]>
              </value>
            </param>
            <param index="3">
              <value>
                <![CDATA[11]]>
              </value>
            </param>
            <param index="4">
              <value>
                <![CDATA[chrome]]>
              </value>
            </param>
            <param index="5">
              <value>
                <![CDATA[102]]>
              </value>
            </param>
            <param index="6">
              <value>
                <![CDATA[http://uitestingplayground.com/]]>
              </value>
[...]
          <reporter-output>
          </reporter-output>
        </test-method> <!-- clickVerifyTextLinkTest -->
        <test-method is-config="true" signature="afterEachTestMethod(org.testng.ITestResult)[pri:0, instance:uitaptests.HyperLinks@163370c2]" started-at="2022-06-24T05:08:20Z" name="afterEachTestMethod" finished-at="2022-06-24T05:08:21Z" duration-ms="652" status="PASS">
          <params>
            <param index="0">
              <value>
                <![CDATA[[TestResult name=clickVerifyTextLinkTest status=SUCCESS method=HyperLinks.clickVerifyTextLinkTest()[pri:0, instance:uitaptests.HyperLinks@163370c2] output={null}]]]>
              </value>
            </param>
          </params>
          <reporter-output>
          </reporter-output>
        </test-method> <!-- afterEachTestMethod -->
        <test-method is-config="true" signature="endLOG()[pri:0, instance:uitaptests.HyperLinks@163370c2]" started-at="2022-06-24T05:08:21Z" name="endLOG" finished-at="2022-06-24T05:08:21Z" duration-ms="0" status="PASS">
          <reporter-output>
          </reporter-output>
        </test-method> <!-- endLOG -->
        <test-method is-config="true" signature="tearDown()[pri:0, instance:uitaptests.HyperLinks@163370c2]" started-at="2022-06-24T05:08:21Z" name="tearDown" finished-at="2022-06-24T05:08:21Z" duration-ms="0" status="PASS">
          <reporter-output>
          </reporter-output>
        </test-method> <!-- tearDown -->
        <test-method is-config="true" signature="setUp(boolean, java.lang.String, java.lang.String, java.lang.String, java.lang.String, java.lang.String, java.lang.String)[pri:0, instance:uitaptests.HyperLinks@163370c2]" started-at="2022-06-24T05:08:21Z" name="setUp" finished-at="2022-06-24T05:08:22Z" duration-ms="1395" status="PASS">
          <params>
            <param index="0">
              <value>
                <![CDATA[false]]>
              </value>
            </param>
            <param index="1">
              <value>
                <![CDATA[browserstack]]>
              </value>
            </param>
            <param index="2">
              <value>
                <![CDATA[windows]]>
              </value>
            </param>
            <param index="3">
              <value>
                <![CDATA[11]]>
              </value>
            </param>
            <param index="4">
              <value>
                <![CDATA[chrome]]>
              </value>
            </param>
            <param index="5">
              <value>
                <![CDATA[102]]>
              </value>
            </param>
            <param index="6">
              <value>
                <![CDATA[http://uitestingplayground.com/]]>
              </value>
            </param>
          </params>
          <reporter-output>
          </reporter-output>
        </test-method> <!-- setUp -->
        <test-method is-config="true" signature="startExtent(java.lang.reflect.Method)[pri:0, instance:uitaptests.HyperLinks@163370c2]" started-at="2022-06-24T05:08:22Z" name="startExtent" finished-at="2022-06-24T05:08:22Z" duration-ms="1" status="PASS">
          <params>
            <param index="0">
              <value>
                <![CDATA[public void uitaptests.HyperLinks.clickVisibilityLinkTest()]]>
              </value>
            </param>
          </params>
          <reporter-output>
          </reporter-output>
        </test-method> <!-- startExtent -->
        <test-method signature="clickVisibilityLinkTest()[pri:0, instance:uitaptests.HyperLinks@163370c2]" started-at="2022-06-24T05:08:22Z" name="clickVisibilityLinkTest" finished-at="2022-06-24T05:08:22Z" duration-ms="174" status="PASS">
          <reporter-output>
          </reporter-output>
        </test-method> <!-- clickVisibilityLinkTest -->
        <test-method is-config="true" signature="afterEachTestMethod(org.testng.ITestResult)[pri:0, instance:uitaptests.HyperLinks@163370c2]" started-at="2022-06-24T05:08:22Z" name="afterEachTestMethod" finished-at="2022-06-24T05:08:23Z" duration-ms="649" status="PASS">
          <params>
            <param index="0">
              <value>
                <![CDATA[[TestResult name=clickVisibilityLinkTest status=SUCCESS method=HyperLinks.clickVisibilityLinkTest()[pri:0, instance:uitaptests.HyperLinks@163370c2] output={null}]]]>
              </value>
            </param>
          </params>
          <reporter-output>
          </reporter-output>
        </test-method> <!-- afterEachTestMethod -->
        <test-method is-config="true" signature="setUp(boolean, java.lang.String, java.lang.String, java.lang.String, java.lang.String, java.lang.String, java.lang.String)[pri:0, instance:uitaptests.HyperLinks@163370c2]" started-at="2022-06-24T05:08:23Z" name="setUp" finished-at="2022-06-24T05:08:24Z" duration-ms="1372" status="PASS">
          <params>
            <param index="0">
              <value>
                <![CDATA[false]]>
              </value>
            </param>
            <param index="1">
              <value>
                <![CDATA[browserstack]]>
              </value>
            </param>
            <param index="2">
              <value>
                <![CDATA[windows]]>
              </value>
            </param>
            <param index="3">
              <value>
                <![CDATA[11]]>
              </value>
            </param>
            <param index="4">
              <value>
                <![CDATA[chrome]]>
              </value>
            </param>
            <param index="5">
              <value>
                <![CDATA[102]]>
              </value>
            </param>
            <param index="6">
              <value>
                <![CDATA[http://uitestingplayground.com/]]>
              </value>
            </param>
          </params>
          <reporter-output>
          </reporter-output>
        </test-method> <!-- setUp -->
        <test-method is-config="true" signature="tearDown()[pri:0, instance:uitaptests.HyperLinks@163370c2]" started-at="2022-06-24T05:08:23Z" name="tearDown" finished-at="2022-06-24T05:08:23Z" duration-ms="0" status="PASS">
          <reporter-output>
          </reporter-output>
        </test-method> <!-- tearDown -->
        <test-method is-config="true" signature="endLOG()[pri:0, instance:uitaptests.HyperLinks@163370c2]" started-at="2022-06-24T05:08:23Z" name="endLOG" finished-at="2022-06-24T05:08:23Z" duration-ms="0" status="PASS">
          <reporter-output>
          </reporter-output>
        </test-method> <!-- endLOG -->
        <test-method signature="forkGitExternalLink()[pri:0, instance:uitaptests.HyperLinks@163370c2]" started-at="2022-06-24T05:08:24Z" name="forkGitExternalLink" finished-at="2022-06-24T05:08:25Z" duration-ms="1082" status="PASS">
          <reporter-output>
          </reporter-output>
        </test-method> <!-- forkGitExternalLink -->
        <test-method is-config="true" signature="startExtent(java.lang.reflect.Method)[pri:0, instance:uitaptests.HyperLinks@163370c2]" started-at="2022-06-24T05:08:24Z" name="startExtent" finished-at="2022-06-24T05:08:24Z" duration-ms="0" status="PASS">
          <params>
            <param index="0">
              <value>
                <![CDATA[public void uitaptests.HyperLinks.forkGitExternalLink()]]>
              </value>
            </param>
          </params>
          <reporter-output>
          </reporter-output>
        </test-method> <!-- startExtent -->
        <test-method is-config="true" signature="afterEachTestMethod(org.testng.ITestResult)[pri:0, instance:uitaptests.HyperLinks@163370c2]" started-at="2022-06-24T05:08:25Z" name="afterEachTestMethod" finished-at="2022-06-24T05:08:26Z" duration-ms="662" status="PASS">
          <params>
            <param index="0">
              <value>
                <![CDATA[[TestResult name=forkGitExternalLink status=SUCCESS method=HyperLinks.forkGitExternalLink()[pri:0, instance:uitaptests.HyperLinks@163370c2] output={null}]]]>
              </value>
            </param>
          </params>
          <reporter-output>
          </reporter-output>
        </test-method> <!-- afterEachTestMethod -->
        <test-method is-config="true" signature="tearDown()[pri:0, instance:uitaptests.HyperLinks@163370c2]" started-at="2022-06-24T05:08:26Z" name="tearDown" finished-at="2022-06-24T05:08:26Z" duration-ms="0" status="PASS">
          <reporter-output>
          </reporter-output>
        </test-method> <!-- tearDown -->
        <test-method is-config="true" signature="setUp(boolean, java.lang.String, java.lang.String, java.lang.String, java.lang.String, java.lang.String, java.lang.String)[pri:0, instance:uitaptests.HyperLinks@163370c2]" started-at="2022-06-24T05:08:26Z" name="setUp" finished-at="2022-06-24T05:08:28Z" duration-ms="1448" status="PASS">
          <params>
            <param index="0">
              <value>
                <![CDATA[false]]>
              </value>
            </param>
            <param index="1">
              <value>
                <![CDATA[browserstack]]>
              </value>
            </param>
            <param index="2">
              <value>
                <![CDATA[windows]]>
              </value>
            </param>
            <param index="3">
              <value>
                <![CDATA[11]]>
              </value>
            </param>
            <param index="4">
              <value>
                <![CDATA[chrome]]>
              </value>
            </param>
            <param index="5">
              <value>
                <![CDATA[102]]>
              </value>
            </param>
            <param index="6">
              <value>
                <![CDATA[http://uitestingplayground.com/]]>
              </value>
            </param>
          </params>
          <reporter-output>
          </reporter-output>
        </test-method> <!-- setUp -->
        <test-method is-config="true" signature="endLOG()[pri:0, instance:uitaptests.HyperLinks@163370c2]" started-at="2022-06-24T05:08:26Z" name="endLOG" finished-at="2022-06-24T05:08:26Z" duration-ms="0" status="PASS">
          <reporter-output>
          </reporter-output>
        </test-method> <!-- endLOG -->
        <test-method is-config="true" signature="startExtent(java.lang.reflect.Method)[pri:0, instance:uitaptests.HyperLinks@163370c2]" started-at="2022-06-24T05:08:28Z" name="startExtent" finished-at="2022-06-24T05:08:28Z" duration-ms="0" status="PASS">
          <params>
            <param index="0">
              <value>
                <![CDATA[public void uitaptests.HyperLinks.inflectraExternalLink()]]>
              </value>
            </param>
          </params>
          <reporter-output>
          </reporter-output>
        </test-method> <!-- startExtent -->
        <test-method signature="inflectraExternalLink()[pri:0, instance:uitaptests.HyperLinks@163370c2]" started-at="2022-06-24T05:08:28Z" name="inflectraExternalLink" finished-at="2022-06-24T05:08:29Z" duration-ms="1243" status="PASS">
          <reporter-output>
          </reporter-output>
        </test-method> <!-- inflectraExternalLink -->
        <test-method is-config="true" signature="afterEachTestMethod(org.testng.ITestResult)[pri:0, instance:uitaptests.HyperLinks@163370c2]" started-at="2022-06-24T05:08:29Z" name="afterEachTestMethod" finished-at="2022-06-24T05:08:29Z" duration-ms="665" status="PASS">
          <params>
            <param index="0">
              <value>
                <![CDATA[[TestResult name=inflectraExternalLink status=SUCCESS method=HyperLinks.inflectraExternalLink()[pri:0, instance:uitaptests.HyperLinks@163370c2] output={null}]]]>
              </value>
            </param>
          </params>
          <reporter-output>
          </reporter-output>
        </test-method> <!-- afterEachTestMethod -->
        <test-method is-config="true" signature="tearDown()[pri:0, instance:uitaptests.HyperLinks@163370c2]" started-at="2022-06-24T05:08:29Z" name="tearDown" finished-at="2022-06-24T05:08:29Z" duration-ms="0" status="PASS">
          <reporter-output>
          </reporter-output>
        </test-method> <!-- tearDown -->
        <test-method is-config="true" signature="endLOG()[pri:0, instance:uitaptests.HyperLinks@163370c2]" started-at="2022-06-24T05:08:29Z" name="endLOG" finished-at="2022-06-24T05:08:29Z" duration-ms="0" status="PASS">
          <reporter-output>
          </reporter-output>
        </test-method> <!-- endLOG -->
        <test-method is-config="true" signature="setUp(boolean, java.lang.String, java.lang.String, java.lang.String, java.lang.String, java.lang.String, java.lang.String)[pri:0, instance:uitaptests.HyperLinks@163370c2]" started-at="2022-06-24T05:08:29Z" name="setUp" finished-at="2022-06-24T05:08:31Z" duration-ms="1376" status="PASS">
          <params>
            <param index="0">
              <value>
                <![CDATA[false]]>
              </value>
            </param>
            <param index="1">
              <value>
                <![CDATA[browserstack]]>
              </value>
            </param>
            <param index="2">
              <value>
                <![CDATA[windows]]>
              </value>
            </param>
            <param index="3">
              <value>
                <![CDATA[11]]>
              </value>
            </param>
            <param index="4">
              <value>
                <![CDATA[chrome]]>
              </value>
            </param>
            <param index="5">
              <value>
                <![CDATA[102]]>
              </value>
            </param>
            <param index="6">
              <value>
                <![CDATA[http://uitestingplayground.com/]]>
              </value>
            </param>
          </params>
          <reporter-output>
          </reporter-output>
        </test-method> <!-- setUp -->
        <test-method is-config="true" signature="startExtent(java.lang.reflect.Method)[pri:0, instance:uitaptests.HyperLinks@163370c2]" started-at="2022-06-24T05:08:31Z" name="startExtent" finished-at="2022-06-24T05:08:31Z" duration-ms="0" status="PASS">
          <params>
            <param index="0">
              <value>
                <![CDATA[public void uitaptests.HyperLinks.rapiseExternalLink()]]>
              </value>
            </param>
          </params>
          <reporter-output>
          </reporter-output>
        </test-method> <!-- startExtent -->
        <test-method signature="rapiseExternalLink()[pri:0, instance:uitaptests.HyperLinks@163370c2]" started-at="2022-06-24T05:08:31Z" name="rapiseExternalLink" finished-at="2022-06-24T05:08:32Z" duration-ms="1209" status="PASS">
          <reporter-output>
          </reporter-output>
        </test-method> <!-- rapiseExternalLink -->
        <test-method is-config="true" signature="afterEachTestMethod(org.testng.ITestResult)[pri:0, instance:uitaptests.HyperLinks@163370c2]" started-at="2022-06-24T05:08:32Z" name="afterEachTestMethod" finished-at="2022-06-24T05:08:33Z" duration-ms="664" status="PASS">
          <params>
            <param index="0">
              <value>
                <![CDATA[[TestResult name=rapiseExternalLink status=SUCCESS method=HyperLinks.rapiseExternalLink()[pri:0, instance:uitaptests.HyperLinks@163370c2] output={null}]]]>
              </value>
            </param>
          </params>
          <reporter-output>
          </reporter-output>
        </test-method> <!-- afterEachTestMethod -->
        <test-method is-config="true" signature="endLOG()[pri:0, instance:uitaptests.HyperLinks@163370c2]" started-at="2022-06-24T05:08:33Z" name="endLOG" finished-at="2022-06-24T05:08:33Z" duration-ms="0" status="PASS">
          <reporter-output>
          </reporter-output>
        </test-method> <!-- endLOG -->
        <test-method is-config="true" signature="tearDown()[pri:0, instance:uitaptests.HyperLinks@163370c2]" started-at="2022-06-24T05:08:33Z" name="tearDown" finished-at="2022-06-24T05:08:33Z" duration-ms="0" status="PASS">
          <reporter-output>
          </reporter-output>
        </test-method> <!-- tearDown -->
        <test-method is-config="true" signature="setUp(boolean, java.lang.String, java.lang.String, java.lang.String, java.lang.String, java.lang.String, java.lang.String)[pri:0, instance:uitaptests.HyperLinks@163370c2]" started-at="2022-06-24T05:08:33Z" name="setUp" finished-at="2022-06-24T05:08:34Z" duration-ms="1372" status="PASS">
          <params>
            <param index="0">
              <value>
                <![CDATA[false]]>
              </value>
            </param>
            <param index="1">
              <value>
                <![CDATA[browserstack]]>
              </value>
            </param>
            <param index="2">
              <value>
                <![CDATA[windows]]>
              </value>
            </param>
            <param index="3">
              <value>
                <![CDATA[11]]>
              </value>
            </param>
            <param index="4">
              <value>
                <![CDATA[chrome]]>
              </value>
            </param>
            <param index="5">
              <value>
                <![CDATA[102]]>
              </value>
            </param>
            <param index="6">
              <value>
                <![CDATA[http://uitestingplayground.com/]]>
              </value>
            </param>
          </params>
          <reporter-output>
          </reporter-output>
        </test-method> <!-- setUp -->
        <test-method signature="starLinkExternalLink()[pri:0, instance:uitaptests.HyperLinks@163370c2]" started-at="2022-06-24T05:08:34Z" name="starLinkExternalLink" finished-at="2022-06-24T05:08:35Z" duration-ms="842" status="PASS">
          <reporter-output>
          </reporter-output>
        </test-method> <!-- starLinkExternalLink -->
        <test-method is-config="true" signature="startExtent(java.lang.reflect.Method)[pri:0, instance:uitaptests.HyperLinks@163370c2]" started-at="2022-06-24T05:08:34Z" name="startExtent" finished-at="2022-06-24T05:08:34Z" duration-ms="0" status="PASS">
          <params>
            <param index="0">
              <value>
                <![CDATA[public void uitaptests.HyperLinks.starLinkExternalLink()]]>
              </value>
            </param>
          </params>
          <reporter-output>
          </reporter-output>
        </test-method> <!-- startExtent -->
        <test-method is-config="true" signature="afterEachTestMethod(org.testng.ITestResult)[pri:0, instance:uitaptests.HyperLinks@163370c2]" started-at="2022-06-24T05:08:35Z" name="afterEachTestMethod" finished-at="2022-06-24T05:08:36Z" duration-ms="662" status="PASS">
          <params>
            <param index="0">
              <value>
                <![CDATA[[TestResult name=starLinkExternalLink status=SUCCESS method=HyperLinks.starLinkExternalLink()[pri:0, instance:uitaptests.HyperLinks@163370c2] output={null}]]]>
              </value>
            </param>
          </params>
          <reporter-output>
          </reporter-output>
        </test-method> <!-- afterEachTestMethod -->
        <test-method is-config="true" signature="tearDown()[pri:0, instance:uitaptests.HyperLinks@163370c2]" started-at="2022-06-24T05:08:36Z" name="tearDown" finished-at="2022-06-24T05:08:36Z" duration-ms="0" status="PASS">
          <reporter-output>
          </reporter-output>
        </test-method> <!-- tearDown -->
        <test-method is-config="true" signature="endLOG()[pri:0, instance:uitaptests.HyperLinks@163370c2]" started-at="2022-06-24T05:08:36Z" name="endLOG" finished-at="2022-06-24T05:08:36Z" duration-ms="0" status="PASS">
          <reporter-output>
          </reporter-output>
        </test-method> <!-- endLOG -->
      </class> <!-- uitaptests.HyperLinks -->
    </test> <!-- com.UITAP Tests -->
  </suite> <!-- CRIP Automation Script -->
</testng-results>
