<?xml version="1.0" encoding="UTF-8"?>
<!-- Generated by org.testng.reporters.JUnitXMLReporter -->
<testsuite ignored="18" hostname="LAPTOP-QHF3NO6C" failures="0" tests="80" name="com.UITAP Tests" time="251.125" errors="0" timestamp="24 Jun 2022 05:10:22 GMT">
  <testcase classname="uitaptests.ExistingElement" name="AJAXButtonText" time="20.33"/>
  <testcase classname="uitaptests.ExistingElement" name="verifyLoadDelHeader" time="5.247"/>
  <testcase classname="uitaptests.ExistingElement" name="verifyRubiksImage" time="0.028"/>
  <testcase classname="uitaptests.ExistingElement" name="verifyWaitForText" time="20.23"/>
  <testcase classname="uitaptests.ExistingElement" name="verifyWelcomeText" time="0.236"/>
  <testcase classname="uitaptests.GetValueOrLoad" name="clickMeRecord" time="0.276"/>
  <testcase classname="uitaptests.GetValueOrLoad" name="continuousClicksCount" time="5.171"/>
  <testcase classname="uitaptests.GetValueOrLoad" name="initialClickCount" time="0.225"/>
  <testcase classname="uitaptests.GetValueOrLoad" name="progressBarLoadTime" time="0.343"/>
  <testcase classname="uitaptests.GetValueOrLoad" name="readCPULoadValue" time="0.232"/>
  <testcase classname="uitaptests.HyperLinks" name="apacheLicenseExternalLink" time="0.782"/>
  <testcase classname="uitaptests.HyperLinks" name="cc4ExternalLink" time="0.734"/>
  <testcase classname="uitaptests.HyperLinks" name="clickAjaxDataLinkTest" time="0.178"/>
  <testcase classname="uitaptests.HyperLinks" name="clickClassAttributeLinkTest" time="0.192"/>
  <testcase classname="uitaptests.HyperLinks" name="clickClickLinkTest" time="0.177"/>
  <testcase classname="uitaptests.HyperLinks" name="clickClientSideDelayLinkTest" time="0.175"/>
  <testcase classname="uitaptests.HyperLinks" name="clickDynamicIdLinkTest" time="0.175"/>
  <testcase classname="uitaptests.HyperLinks" name="clickDynamicTableLinkTest" time="0.168"/>
  <testcase classname="uitaptests.HyperLinks" name="clickHiddenLayerLinkTest" time="0.193"/>
  <testcase classname="uitaptests.HyperLinks" name="clickHomeTabTest" time="0.191"/>
  <testcase classname="uitaptests.HyperLinks" name="clickLoadDelayLinkTest" time="5.255"/>
  <testcase classname="uitaptests.HyperLinks" name="clickLogoTest" time="0.159"/>
  <testcase classname="uitaptests.HyperLinks" name="clickMouseOverLinkTest" time="0.151"/>
  <testcase classname="uitaptests.HyperLinks" name="clickNonBreakingSpaceLinkTest" time="0.23"/>
  <testcase classname="uitaptests.HyperLinks" name="clickOverlappedLinkTest" time="0.178"/>
  <testcase classname="uitaptests.HyperLinks" name="clickProgressBarLinkTest" time="0.18"/>
  <testcase classname="uitaptests.HyperLinks" name="clickResourcesTabTest" time="0.169"/>
  <testcase classname="uitaptests.HyperLinks" name="clickSampleAppLinkTest" time="0.168"/>
  <testcase classname="uitaptests.HyperLinks" name="clickScrollBarsLinkTest" time="0.166"/>
  <testcase classname="uitaptests.HyperLinks" name="clickShadowDOMLinkTest" time="0.21"/>
  <testcase classname="uitaptests.HyperLinks" name="clickTextInputLinkTest" time="0.168"/>
  <testcase classname="uitaptests.HyperLinks" name="clickVerifyTextLinkTest" time="0.175"/>
  <testcase classname="uitaptests.HyperLinks" name="clickVisibilityLinkTest" time="0.174"/>
  <testcase classname="uitaptests.HyperLinks" name="forkGitExternalLink" time="1.082"/>
  <testcase classname="uitaptests.HyperLinks" name="inflectraExternalLink" time="1.243"/>
  <testcase classname="uitaptests.HyperLinks" name="rapiseExternalLink" time="1.209"/>
  <testcase classname="uitaptests.HyperLinks" name="starLinkExternalLink" time="0.842"/>
  <testcase classname="uitaptests.Login" name="verifyEmptyLoginFail" time="0.259"/>
  <testcase classname="uitaptests.Login" name="verifyInvalidLoginFail" time="0.388"/>
  <testcase classname="uitaptests.Login" name="verifyValidLogin" time="0.407"/>
  <testcase classname="uitaptests.Login" name="verifyValidLogout" time="0.392"/>
  <testcase classname="uitaptests.PageButtons" name="ClickableRemovedButton" time="0.218"/>
  <testcase classname="uitaptests.PageButtons" name="DynamicIDButtonClick" time="0.275"/>
  <testcase classname="uitaptests.PageButtons" name="HideFunction" time="0.576"/>
  <testcase classname="uitaptests.PageButtons" name="HidingButtonClick" time="0.262"/>
  <testcase classname="uitaptests.PageButtons" name="buttonAfterDelay" time="5.321"/>
  <testcase classname="uitaptests.PageButtons" name="clickableDisplayNoneButton" time="0.244"/>
  <testcase classname="uitaptests.PageButtons" name="clickableOffScreenButton" time="0.244"/>
  <testcase classname="uitaptests.PageButtons" name="clickableOverlapButton" time="0.259"/>
  <testcase classname="uitaptests.PageButtons" name="clickableTransparentButton" time="0.266"/>
  <testcase classname="uitaptests.PageButtons" name="clickableVisibilHiddenButton" time="0.246"/>
  <testcase classname="uitaptests.PageButtons" name="clickableZeroWidthButton" time="0.25"/>
  <testcase classname="uitaptests.PageButtons" name="greenButtonClickable" time="0.267"/>
  <testcase classname="uitaptests.PageButtons" name="multipleButtonChanges" time="0.511"/>
  <testcase classname="uitaptests.PageButtons" name="secondClickonButton" time="0.303"/>
  <testcase classname="uitaptests.PageButtons" name="textBoxClickable" time="0.328"/>
  <testcase classname="uitaptests.PageButtons" name="textInputButton" time="0.257"/>
  <testcase classname="uitaptests.PageButtons" name="verifyDOMButton" time="0.289"/>
  <testcase classname="uitaptests.PageButtons" name="verifyMyButton" time="0.304"/>
  <testcase classname="uitaptests.PageButtons" name="verifyStartButton" time="0.337"/>
  <testcase classname="uitaptests.PageButtons" name="verifyStopButton" time="0.349"/>
  <testcase classname="uitaptests.PageButtons" name="yellowButtonClickable" time="0.29"/>
  <testcase classname="uitaptests.PageRedirects" name="ajaxToHome" time="0.391"/>
  <testcase classname="uitaptests.PageRedirects" name="classAttributeToHome" time="0.349"/>
  <testcase classname="uitaptests.PageRedirects" name="clientSideToHome" time="0.383"/>
  <testcase classname="uitaptests.PageRedirects" name="dynamicIDToHome" time="0.362"/>
  <testcase classname="uitaptests.PageRedirects" name="dynamicTableToHome" time="0.335"/>
  <testcase classname="uitaptests.PageRedirects" name="hiddenLayersToHome" time="0.336"/>
  <testcase classname="uitaptests.PageRedirects" name="mouseOverToHome" time="0.324"/>
  <testcase classname="uitaptests.PageRedirects" name="overlappedToHome" time="0.455"/>
  <testcase classname="uitaptests.PageRedirects" name="sampleAppToHome" time="0.362"/>
  <testcase classname="uitaptests.PageRedirects" name="scrollbarsToHome" time="0.345"/>
  <testcase classname="uitaptests.PageRedirects" name="textInputToHome" time="0.34"/>
  <testcase classname="uitaptests.PageRedirects" name="visibilityToHome" time="0.365"/>
  <testcase classname="uitaptests.PopUps" name="primaryPopUp" time="0.257"/>
  <testcase classname="uitaptests.ScrollBar" name="homePageScroll" time="0.078"/>
  <testcase classname="uitaptests.TextField" name="buttonTextChange" time="0.379"/>
  <testcase classname="uitaptests.TextField" name="idTextBoxTyping" time="0.298"/>
  <testcase classname="uitaptests.TextField" name="nameTextBoxTyping" time="0.276"/>
  <testcase classname="uitaptests.TextField" name="textBoxTextInput" time="0.351"/>
  <testcase classname="base.CommonAPI" name="@BeforeSuite extentSetup" time="0.0">
    <ignored/>
  </testcase> <!-- @BeforeSuite extentSetup -->
  <testcase classname="base.CommonAPI" name="@BeforeSuite extentSetup" time="0.0">
    <ignored/>
  </testcase> <!-- @BeforeSuite extentSetup -->
  <testcase classname="base.CommonAPI" name="@BeforeSuite extentSetup" time="0.0">
    <ignored/>
  </testcase> <!-- @BeforeSuite extentSetup -->
  <testcase classname="base.CommonAPI" name="@BeforeSuite extentSetup" time="0.0">
    <ignored/>
  </testcase> <!-- @BeforeSuite extentSetup -->
  <testcase classname="base.CommonAPI" name="@BeforeSuite extentSetup" time="0.0">
    <ignored/>
  </testcase> <!-- @BeforeSuite extentSetup -->
  <testcase classname="base.CommonAPI" name="@BeforeSuite extentSetup" time="0.0">
    <ignored/>
  </testcase> <!-- @BeforeSuite extentSetup -->
  <testcase classname="base.CommonAPI" name="@BeforeSuite extentSetup" time="0.0">
    <ignored/>
  </testcase> <!-- @BeforeSuite extentSetup -->
  <testcase classname="base.CommonAPI" name="@BeforeSuite extentSetup" time="0.0">
    <ignored/>
  </testcase> <!-- @BeforeSuite extentSetup -->
  <testcase classname="base.CommonAPI" name="@BeforeSuite extentSetup" time="0.0">
    <ignored/>
  </testcase> <!-- @BeforeSuite extentSetup -->
  <testcase classname="base.CommonAPI" name="@AfterSuite generateReport" time="0.0">
    <ignored/>
  </testcase> <!-- @AfterSuite generateReport -->
  <testcase classname="base.CommonAPI" name="@AfterSuite generateReport" time="0.0">
    <ignored/>
  </testcase> <!-- @AfterSuite generateReport -->
  <testcase classname="base.CommonAPI" name="@AfterSuite generateReport" time="0.0">
    <ignored/>
  </testcase> <!-- @AfterSuite generateReport -->
  <testcase classname="base.CommonAPI" name="@AfterSuite generateReport" time="0.0">
    <ignored/>
  </testcase> <!-- @AfterSuite generateReport -->
  <testcase classname="base.CommonAPI" name="@AfterSuite generateReport" time="0.0">
    <ignored/>
  </testcase> <!-- @AfterSuite generateReport -->
  <testcase classname="base.CommonAPI" name="@AfterSuite generateReport" time="0.0">
    <ignored/>
  </testcase> <!-- @AfterSuite generateReport -->
  <testcase classname="base.CommonAPI" name="@AfterSuite generateReport" time="0.0">
    <ignored/>
  </testcase> <!-- @AfterSuite generateReport -->
  <testcase classname="base.CommonAPI" name="@AfterSuite generateReport" time="0.0">
    <ignored/>
  </testcase> <!-- @AfterSuite generateReport -->
  <testcase classname="base.CommonAPI" name="@AfterSuite generateReport" time="0.0">
    <ignored/>
  </testcase> <!-- @AfterSuite generateReport -->
</testsuite> <!-- com.UITAP Tests -->
